[0.234s] DEBUG:colcon:Command line arguments: ['/usr/bin/colcon', 'build']
[0.234s] DEBUG:colcon:Parsed command line arguments: Namespace(allow_overriding=[], ament_cmake_args=None, base_paths=['.'], build_base='build', catkin_cmake_args=None, catkin_skip_building_tests=False, cmake_args=None, cmake_clean_cache=False, cmake_clean_first=False, cmake_force_configure=False, cmake_target=None, cmake_target_skip_unavailable=False, continue_on_error=False, event_handlers=None, executor='parallel', ignore_user_meta=False, install_base='install', log_base=None, log_level=None, main=<bound method BuildVerb.main of <colcon_core.verb.build.BuildVerb object at 0x7f6a160acbb0>>, merge_install=False, metas=['./colcon.meta'], packages_above=None, packages_above_and_dependencies=None, packages_above_depth=None, packages_end=None, packages_ignore=None, packages_ignore_regex=None, packages_select=None, packages_select_build_failed=False, packages_select_by_dep=None, packages_select_regex=None, packages_select_test_failures=False, packages_skip=None, packages_skip_build_finished=False, packages_skip_by_dep=None, packages_skip_regex=None, packages_skip_test_passed=False, packages_skip_up_to=None, packages_start=None, packages_up_to=None, packages_up_to_regex=None, parallel_workers=4, paths=None, symlink_install=False, test_result_base=None, verb_extension=<colcon_core.verb.build.BuildVerb object at 0x7f6a160acbb0>, verb_name='build', verb_parser=<colcon_defaults.argument_parser.defaults.DefaultArgumentsDecorator object at 0x7f6a16038160>)
[0.242s] Level 1:colcon.colcon_core.package_discovery:discover_packages(colcon_meta) check parameters
[0.242s] Level 1:colcon.colcon_core.package_discovery:discover_packages(recursive) check parameters
[0.242s] Level 1:colcon.colcon_core.package_discovery:discover_packages(ignore) check parameters
[0.242s] Level 1:colcon.colcon_core.package_discovery:discover_packages(path) check parameters
[0.242s] Level 1:colcon.colcon_core.package_discovery:discover_packages(colcon_meta) discover
[0.243s] Level 1:colcon.colcon_core.package_discovery:discover_packages(recursive) discover
[0.243s] INFO:colcon.colcon_core.package_discovery:Crawling recursively for packages in '/home/movax/adr_ws'
[0.243s] Level 1:colcon.colcon_core.package_identification:_identify(.) by extensions ['ignore', 'ignore_ament_install']
[0.243s] Level 1:colcon.colcon_core.package_identification:_identify(.) by extension 'ignore'
[0.243s] Level 1:colcon.colcon_core.package_identification:_identify(.) by extension 'ignore_ament_install'
[0.243s] Level 1:colcon.colcon_core.package_identification:_identify(.) by extensions ['colcon_pkg']
[0.243s] Level 1:colcon.colcon_core.package_identification:_identify(.) by extension 'colcon_pkg'
[0.243s] Level 1:colcon.colcon_core.package_identification:_identify(.) by extensions ['colcon_meta']
[0.243s] Level 1:colcon.colcon_core.package_identification:_identify(.) by extension 'colcon_meta'
[0.243s] Level 1:colcon.colcon_core.package_identification:_identify(.) by extensions ['ros']
[0.243s] Level 1:colcon.colcon_core.package_identification:_identify(.) by extension 'ros'
[0.259s] Level 1:colcon.colcon_core.package_identification:_identify(.) by extensions ['cmake', 'python']
[0.259s] Level 1:colcon.colcon_core.package_identification:_identify(.) by extension 'cmake'
[0.259s] Level 1:colcon.colcon_core.package_identification:_identify(.) by extension 'python'
[0.260s] Level 1:colcon.colcon_core.package_identification:_identify(.) by extensions ['python_setup_py']
[0.260s] Level 1:colcon.colcon_core.package_identification:_identify(.) by extension 'python_setup_py'
[0.260s] Level 1:colcon.colcon_core.package_identification:_identify(build) by extensions ['ignore', 'ignore_ament_install']
[0.260s] Level 1:colcon.colcon_core.package_identification:_identify(build) by extension 'ignore'
[0.260s] Level 1:colcon.colcon_core.package_identification:_identify(build) ignored
[0.260s] Level 1:colcon.colcon_core.package_identification:_identify(install) by extensions ['ignore', 'ignore_ament_install']
[0.260s] Level 1:colcon.colcon_core.package_identification:_identify(install) by extension 'ignore'
[0.260s] Level 1:colcon.colcon_core.package_identification:_identify(install) ignored
[0.260s] Level 1:colcon.colcon_core.package_identification:_identify(log) by extensions ['ignore', 'ignore_ament_install']
[0.261s] Level 1:colcon.colcon_core.package_identification:_identify(log) by extension 'ignore'
[0.261s] Level 1:colcon.colcon_core.package_identification:_identify(log) ignored
[0.261s] Level 1:colcon.colcon_core.package_identification:_identify(src) by extensions ['ignore', 'ignore_ament_install']
[0.261s] Level 1:colcon.colcon_core.package_identification:_identify(src) by extension 'ignore'
[0.261s] Level 1:colcon.colcon_core.package_identification:_identify(src) by extension 'ignore_ament_install'
[0.261s] Level 1:colcon.colcon_core.package_identification:_identify(src) by extensions ['colcon_pkg']
[0.261s] Level 1:colcon.colcon_core.package_identification:_identify(src) by extension 'colcon_pkg'
[0.261s] Level 1:colcon.colcon_core.package_identification:_identify(src) by extensions ['colcon_meta']
[0.261s] Level 1:colcon.colcon_core.package_identification:_identify(src) by extension 'colcon_meta'
[0.261s] Level 1:colcon.colcon_core.package_identification:_identify(src) by extensions ['ros']
[0.261s] Level 1:colcon.colcon_core.package_identification:_identify(src) by extension 'ros'
[0.262s] Level 1:colcon.colcon_core.package_identification:_identify(src) by extensions ['cmake', 'python']
[0.262s] Level 1:colcon.colcon_core.package_identification:_identify(src) by extension 'cmake'
[0.262s] Level 1:colcon.colcon_core.package_identification:_identify(src) by extension 'python'
[0.262s] Level 1:colcon.colcon_core.package_identification:_identify(src) by extensions ['python_setup_py']
[0.262s] Level 1:colcon.colcon_core.package_identification:_identify(src) by extension 'python_setup_py'
[0.262s] Level 1:colcon.colcon_core.package_identification:_identify(src/gate_dtctn) by extensions ['ignore', 'ignore_ament_install']
[0.262s] Level 1:colcon.colcon_core.package_identification:_identify(src/gate_dtctn) by extension 'ignore'
[0.262s] Level 1:colcon.colcon_core.package_identification:_identify(src/gate_dtctn) by extension 'ignore_ament_install'
[0.262s] Level 1:colcon.colcon_core.package_identification:_identify(src/gate_dtctn) by extensions ['colcon_pkg']
[0.262s] Level 1:colcon.colcon_core.package_identification:_identify(src/gate_dtctn) by extension 'colcon_pkg'
[0.262s] Level 1:colcon.colcon_core.package_identification:_identify(src/gate_dtctn) by extensions ['colcon_meta']
[0.262s] Level 1:colcon.colcon_core.package_identification:_identify(src/gate_dtctn) by extension 'colcon_meta'
[0.263s] Level 1:colcon.colcon_core.package_identification:_identify(src/gate_dtctn) by extensions ['ros']
[0.263s] Level 1:colcon.colcon_core.package_identification:_identify(src/gate_dtctn) by extension 'ros'
[0.266s] DEBUG:colcon.colcon_core.package_identification:Package 'src/gate_dtctn' with type 'ros.ament_cmake' and name 'gate_dtctn'
[0.266s] Level 1:colcon.colcon_core.package_identification:_identify(src/path_fllwng) by extensions ['ignore', 'ignore_ament_install']
[0.266s] Level 1:colcon.colcon_core.package_identification:_identify(src/path_fllwng) by extension 'ignore'
[0.267s] Level 1:colcon.colcon_core.package_identification:_identify(src/path_fllwng) by extension 'ignore_ament_install'
[0.267s] Level 1:colcon.colcon_core.package_identification:_identify(src/path_fllwng) by extensions ['colcon_pkg']
[0.267s] Level 1:colcon.colcon_core.package_identification:_identify(src/path_fllwng) by extension 'colcon_pkg'
[0.267s] Level 1:colcon.colcon_core.package_identification:_identify(src/path_fllwng) by extensions ['colcon_meta']
[0.267s] Level 1:colcon.colcon_core.package_identification:_identify(src/path_fllwng) by extension 'colcon_meta'
[0.267s] Level 1:colcon.colcon_core.package_identification:_identify(src/path_fllwng) by extensions ['ros']
[0.267s] Level 1:colcon.colcon_core.package_identification:_identify(src/path_fllwng) by extension 'ros'
[0.268s] DEBUG:colcon.colcon_core.package_identification:Package 'src/path_fllwng' with type 'ros.ament_python' and name 'path_fllwng'
[0.268s] Level 1:colcon.colcon_core.package_discovery:discover_packages(recursive) using defaults
[0.268s] Level 1:colcon.colcon_core.package_discovery:discover_packages(ignore) discover
[0.268s] Level 1:colcon.colcon_core.package_discovery:discover_packages(ignore) using defaults
[0.268s] Level 1:colcon.colcon_core.package_discovery:discover_packages(path) discover
[0.268s] Level 1:colcon.colcon_core.package_discovery:discover_packages(path) using defaults
[0.298s] Level 5:colcon.colcon_core.verb:set package 'gate_dtctn' build argument 'cmake_args' from command line to 'None'
[0.298s] Level 5:colcon.colcon_core.verb:set package 'gate_dtctn' build argument 'cmake_target' from command line to 'None'
[0.298s] Level 5:colcon.colcon_core.verb:set package 'gate_dtctn' build argument 'cmake_target_skip_unavailable' from command line to 'False'
[0.298s] Level 5:colcon.colcon_core.verb:set package 'gate_dtctn' build argument 'cmake_clean_cache' from command line to 'False'
[0.298s] Level 5:colcon.colcon_core.verb:set package 'gate_dtctn' build argument 'cmake_clean_first' from command line to 'False'
[0.298s] Level 5:colcon.colcon_core.verb:set package 'gate_dtctn' build argument 'cmake_force_configure' from command line to 'False'
[0.298s] Level 5:colcon.colcon_core.verb:set package 'gate_dtctn' build argument 'ament_cmake_args' from command line to 'None'
[0.298s] Level 5:colcon.colcon_core.verb:set package 'gate_dtctn' build argument 'catkin_cmake_args' from command line to 'None'
[0.298s] Level 5:colcon.colcon_core.verb:set package 'gate_dtctn' build argument 'catkin_skip_building_tests' from command line to 'False'
[0.298s] DEBUG:colcon.colcon_core.verb:Building package 'gate_dtctn' with the following arguments: {'ament_cmake_args': None, 'build_base': '/home/movax/adr_ws/build/gate_dtctn', 'catkin_cmake_args': None, 'catkin_skip_building_tests': False, 'cmake_args': None, 'cmake_clean_cache': False, 'cmake_clean_first': False, 'cmake_force_configure': False, 'cmake_target': None, 'cmake_target_skip_unavailable': False, 'install_base': '/home/movax/adr_ws/install/gate_dtctn', 'merge_install': False, 'path': '/home/movax/adr_ws/src/gate_dtctn', 'symlink_install': False, 'test_result_base': None}
[0.299s] Level 5:colcon.colcon_core.verb:set package 'path_fllwng' build argument 'cmake_args' from command line to 'None'
[0.299s] Level 5:colcon.colcon_core.verb:set package 'path_fllwng' build argument 'cmake_target' from command line to 'None'
[0.299s] Level 5:colcon.colcon_core.verb:set package 'path_fllwng' build argument 'cmake_target_skip_unavailable' from command line to 'False'
[0.299s] Level 5:colcon.colcon_core.verb:set package 'path_fllwng' build argument 'cmake_clean_cache' from command line to 'False'
[0.299s] Level 5:colcon.colcon_core.verb:set package 'path_fllwng' build argument 'cmake_clean_first' from command line to 'False'
[0.299s] Level 5:colcon.colcon_core.verb:set package 'path_fllwng' build argument 'cmake_force_configure' from command line to 'False'
[0.299s] Level 5:colcon.colcon_core.verb:set package 'path_fllwng' build argument 'ament_cmake_args' from command line to 'None'
[0.299s] Level 5:colcon.colcon_core.verb:set package 'path_fllwng' build argument 'catkin_cmake_args' from command line to 'None'
[0.299s] Level 5:colcon.colcon_core.verb:set package 'path_fllwng' build argument 'catkin_skip_building_tests' from command line to 'False'
[0.299s] DEBUG:colcon.colcon_core.verb:Building package 'path_fllwng' with the following arguments: {'ament_cmake_args': None, 'build_base': '/home/movax/adr_ws/build/path_fllwng', 'catkin_cmake_args': None, 'catkin_skip_building_tests': False, 'cmake_args': None, 'cmake_clean_cache': False, 'cmake_clean_first': False, 'cmake_force_configure': False, 'cmake_target': None, 'cmake_target_skip_unavailable': False, 'install_base': '/home/movax/adr_ws/install/path_fllwng', 'merge_install': False, 'path': '/home/movax/adr_ws/src/path_fllwng', 'symlink_install': False, 'test_result_base': None}
[0.301s] WARNING:colcon.colcon_ros.prefix_path.ament:The path '/home/movax/ros2_ws/install/pymav' in the environment variable AMENT_PREFIX_PATH doesn't exist
[0.302s] WARNING:colcon.colcon_ros.prefix_path.ament:The path '/home/movax/ros2_ws/install/GateCV' in the environment variable AMENT_PREFIX_PATH doesn't exist
[0.303s] WARNING:colcon.colcon_ros.prefix_path.catkin:The path '/home/movax/ros2_ws/install/GateCV' in the environment variable CMAKE_PREFIX_PATH doesn't exist
[0.309s] INFO:colcon.colcon_core.executor:Executing jobs using 'parallel' executor
[0.312s] DEBUG:colcon.colcon_parallel_executor.executor.parallel:run_until_complete
[0.312s] INFO:colcon.colcon_ros.task.ament_cmake.build:Building ROS package in '/home/movax/adr_ws/src/gate_dtctn' with build type 'ament_cmake'
[0.313s] INFO:colcon.colcon_cmake.task.cmake.build:Building CMake package in '/home/movax/adr_ws/src/gate_dtctn'
[0.319s] INFO:colcon.colcon_core.plugin_system:Skipping extension 'colcon_core.shell.bat': Not used on non-Windows systems
[0.319s] INFO:colcon.colcon_core.shell:Skip shell extension 'powershell' for command environment: Not usable outside of PowerShell
[0.319s] DEBUG:colcon.colcon_core.shell:Skip shell extension 'dsv' for command environment
[0.330s] INFO:colcon.colcon_ros.task.ament_python.build:Building ROS package in '/home/movax/adr_ws/src/path_fllwng' with build type 'ament_python'
[0.330s] Level 1:colcon.colcon_core.shell:create_environment_hook('path_fllwng', 'ament_prefix_path')
[0.332s] INFO:colcon.colcon_core.shell:Creating environment hook '/home/movax/adr_ws/install/path_fllwng/share/path_fllwng/hook/ament_prefix_path.ps1'
[0.334s] INFO:colcon.colcon_core.shell:Creating environment descriptor '/home/movax/adr_ws/install/path_fllwng/share/path_fllwng/hook/ament_prefix_path.dsv'
[0.335s] INFO:colcon.colcon_core.shell:Creating environment hook '/home/movax/adr_ws/install/path_fllwng/share/path_fllwng/hook/ament_prefix_path.sh'
[0.337s] INFO:colcon.colcon_core.shell:Skip shell extension 'powershell' for command environment: Not usable outside of PowerShell
[0.337s] DEBUG:colcon.colcon_core.shell:Skip shell extension 'dsv' for command environment
[0.353s] DEBUG:colcon.colcon_core.event_handler.log_command:Invoking command in '/home/movax/adr_ws/build/gate_dtctn': CMAKE_PREFIX_PATH=${CMAKE_PREFIX_PATH}:/home/movax/ros2_ws/install/pymav:/home/movax/ros2_ws/install/my_py_pkg:/home/movax/ros2_ws/install/cv_basics:/home/movax/gzb_ws/install/opencv_tests:/opt/ros/foxy /usr/bin/cmake /home/movax/adr_ws/src/gate_dtctn -DCMAKE_INSTALL_PREFIX=/home/movax/adr_ws/install/gate_dtctn
[0.803s] INFO:colcon.colcon_core.task.python.build:Building Python package in '/home/movax/adr_ws/src/path_fllwng'
[0.805s] INFO:colcon.colcon_core.shell:Skip shell extension 'powershell' for command environment: Not usable outside of PowerShell
[0.806s] DEBUG:colcon.colcon_core.shell:Skip shell extension 'dsv' for command environment
[1.523s] DEBUG:colcon.colcon_core.event_handler.log_command:Invoking command in '/home/movax/adr_ws/src/path_fllwng': PYTHONPATH=/home/movax/adr_ws/install/path_fllwng/lib/python3.8/site-packages:${PYTHONPATH} /usr/bin/python3 setup.py egg_info --egg-base ../../build/path_fllwng build --build-base /home/movax/adr_ws/build/path_fllwng/build install --prefix /home/movax/adr_ws/install/path_fllwng --record /home/movax/adr_ws/build/path_fllwng/install.log --single-version-externally-managed
[2.057s] DEBUG:colcon.colcon_core.event_handler.log_command:Invoked command in '/home/movax/adr_ws/src/path_fllwng' returned '0': PYTHONPATH=/home/movax/adr_ws/install/path_fllwng/lib/python3.8/site-packages:${PYTHONPATH} /usr/bin/python3 setup.py egg_info --egg-base ../../build/path_fllwng build --build-base /home/movax/adr_ws/build/path_fllwng/build install --prefix /home/movax/adr_ws/install/path_fllwng --record /home/movax/adr_ws/build/path_fllwng/install.log --single-version-externally-managed
[2.063s] Level 1:colcon.colcon_core.environment:checking '/home/movax/adr_ws/install/path_fllwng' for CMake module files
[2.064s] Level 1:colcon.colcon_core.environment:checking '/home/movax/adr_ws/install/path_fllwng' for CMake config files
[2.065s] Level 1:colcon.colcon_core.environment:checking '/home/movax/adr_ws/install/path_fllwng/lib'
[2.065s] Level 1:colcon.colcon_core.environment:checking '/home/movax/adr_ws/install/path_fllwng/bin'
[2.065s] Level 1:colcon.colcon_core.environment:checking '/home/movax/adr_ws/install/path_fllwng/lib/pkgconfig/path_fllwng.pc'
[2.065s] Level 1:colcon.colcon_core.environment:checking '/home/movax/adr_ws/install/path_fllwng/lib/python3.8/site-packages'
[2.065s] Level 1:colcon.colcon_core.shell:create_environment_hook('path_fllwng', 'pythonpath')
[2.066s] INFO:colcon.colcon_core.shell:Creating environment hook '/home/movax/adr_ws/install/path_fllwng/share/path_fllwng/hook/pythonpath.ps1'
[2.067s] INFO:colcon.colcon_core.shell:Creating environment descriptor '/home/movax/adr_ws/install/path_fllwng/share/path_fllwng/hook/pythonpath.dsv'
[2.068s] INFO:colcon.colcon_core.shell:Creating environment hook '/home/movax/adr_ws/install/path_fllwng/share/path_fllwng/hook/pythonpath.sh'
[2.068s] Level 1:colcon.colcon_core.environment:create_environment_scripts_only(path_fllwng)
[2.069s] INFO:colcon.colcon_core.shell:Creating package script '/home/movax/adr_ws/install/path_fllwng/share/path_fllwng/package.ps1'
[2.070s] INFO:colcon.colcon_core.shell:Creating package descriptor '/home/movax/adr_ws/install/path_fllwng/share/path_fllwng/package.dsv'
[2.071s] INFO:colcon.colcon_core.shell:Creating package script '/home/movax/adr_ws/install/path_fllwng/share/path_fllwng/package.sh'
[2.072s] INFO:colcon.colcon_core.shell:Creating package script '/home/movax/adr_ws/install/path_fllwng/share/path_fllwng/package.bash'
[2.073s] INFO:colcon.colcon_core.shell:Creating package script '/home/movax/adr_ws/install/path_fllwng/share/path_fllwng/package.zsh'
[2.074s] Level 1:colcon.colcon_core.environment:create_file_with_runtime_dependencies(/home/movax/adr_ws/install/path_fllwng/share/colcon-core/packages/path_fllwng)
[3.326s] DEBUG:colcon.colcon_core.event_handler.log_command:Invoked command in '/home/movax/adr_ws/build/gate_dtctn' returned '0': CMAKE_PREFIX_PATH=${CMAKE_PREFIX_PATH}:/home/movax/ros2_ws/install/pymav:/home/movax/ros2_ws/install/my_py_pkg:/home/movax/ros2_ws/install/cv_basics:/home/movax/gzb_ws/install/opencv_tests:/opt/ros/foxy /usr/bin/cmake /home/movax/adr_ws/src/gate_dtctn -DCMAKE_INSTALL_PREFIX=/home/movax/adr_ws/install/gate_dtctn
[3.330s] DEBUG:colcon.colcon_core.event_handler.log_command:Invoking command in '/home/movax/adr_ws/build/gate_dtctn': CMAKE_PREFIX_PATH=${CMAKE_PREFIX_PATH}:/home/movax/ros2_ws/install/pymav:/home/movax/ros2_ws/install/my_py_pkg:/home/movax/ros2_ws/install/cv_basics:/home/movax/gzb_ws/install/opencv_tests:/opt/ros/foxy /usr/bin/cmake --build /home/movax/adr_ws/build/gate_dtctn -- -j4 -l4
[3.400s] DEBUG:colcon.colcon_core.event_handler.log_command:Invoked command in '/home/movax/adr_ws/build/gate_dtctn' returned '0': CMAKE_PREFIX_PATH=${CMAKE_PREFIX_PATH}:/home/movax/ros2_ws/install/pymav:/home/movax/ros2_ws/install/my_py_pkg:/home/movax/ros2_ws/install/cv_basics:/home/movax/gzb_ws/install/opencv_tests:/opt/ros/foxy /usr/bin/cmake --build /home/movax/adr_ws/build/gate_dtctn -- -j4 -l4
[3.461s] DEBUG:colcon.colcon_core.event_handler.log_command:Invoking command in '/home/movax/adr_ws/build/gate_dtctn': CMAKE_PREFIX_PATH=${CMAKE_PREFIX_PATH}:/home/movax/ros2_ws/install/pymav:/home/movax/ros2_ws/install/my_py_pkg:/home/movax/ros2_ws/install/cv_basics:/home/movax/gzb_ws/install/opencv_tests:/opt/ros/foxy /usr/bin/cmake --install /home/movax/adr_ws/build/gate_dtctn
[3.482s] Level 1:colcon.colcon_core.environment:create_environment_scripts_only(gate_dtctn)
[3.483s] Level 1:colcon.colcon_core.environment:checking '/home/movax/adr_ws/install/gate_dtctn' for CMake module files
[3.484s] DEBUG:colcon.colcon_core.event_handler.log_command:Invoked command in '/home/movax/adr_ws/build/gate_dtctn' returned '0': CMAKE_PREFIX_PATH=${CMAKE_PREFIX_PATH}:/home/movax/ros2_ws/install/pymav:/home/movax/ros2_ws/install/my_py_pkg:/home/movax/ros2_ws/install/cv_basics:/home/movax/gzb_ws/install/opencv_tests:/opt/ros/foxy /usr/bin/cmake --install /home/movax/adr_ws/build/gate_dtctn
[3.485s] Level 1:colcon.colcon_core.environment:checking '/home/movax/adr_ws/install/gate_dtctn' for CMake config files
[3.485s] Level 1:colcon.colcon_core.shell:create_environment_hook('gate_dtctn', 'cmake_prefix_path')
[3.486s] INFO:colcon.colcon_core.shell:Creating environment hook '/home/movax/adr_ws/install/gate_dtctn/share/gate_dtctn/hook/cmake_prefix_path.ps1'
[3.486s] INFO:colcon.colcon_core.shell:Creating environment descriptor '/home/movax/adr_ws/install/gate_dtctn/share/gate_dtctn/hook/cmake_prefix_path.dsv'
[3.487s] INFO:colcon.colcon_core.shell:Creating environment hook '/home/movax/adr_ws/install/gate_dtctn/share/gate_dtctn/hook/cmake_prefix_path.sh'
[3.488s] Level 1:colcon.colcon_core.environment:checking '/home/movax/adr_ws/install/gate_dtctn/bin'
[3.488s] Level 1:colcon.colcon_core.environment:checking '/home/movax/adr_ws/install/gate_dtctn/lib/pkgconfig/gate_dtctn.pc'
[3.488s] Level 1:colcon.colcon_core.environment:checking '/home/movax/adr_ws/install/gate_dtctn/lib/python3.8/site-packages'
[3.489s] INFO:colcon.colcon_core.shell:Creating package script '/home/movax/adr_ws/install/gate_dtctn/share/gate_dtctn/package.ps1'
[3.489s] INFO:colcon.colcon_core.shell:Creating package descriptor '/home/movax/adr_ws/install/gate_dtctn/share/gate_dtctn/package.dsv'
[3.490s] INFO:colcon.colcon_core.shell:Creating package script '/home/movax/adr_ws/install/gate_dtctn/share/gate_dtctn/package.sh'
[3.491s] INFO:colcon.colcon_core.shell:Creating package script '/home/movax/adr_ws/install/gate_dtctn/share/gate_dtctn/package.bash'
[3.491s] INFO:colcon.colcon_core.shell:Creating package script '/home/movax/adr_ws/install/gate_dtctn/share/gate_dtctn/package.zsh'
[3.492s] Level 1:colcon.colcon_core.environment:create_file_with_runtime_dependencies(/home/movax/adr_ws/install/gate_dtctn/share/colcon-core/packages/gate_dtctn)
[3.530s] Level 1:colcon.colcon_core.environment:create_environment_scripts_only(gate_dtctn)
[3.532s] Level 1:colcon.colcon_core.environment:checking '/home/movax/adr_ws/install/gate_dtctn' for CMake module files
[3.533s] Level 1:colcon.colcon_core.environment:checking '/home/movax/adr_ws/install/gate_dtctn' for CMake config files
[3.533s] Level 1:colcon.colcon_core.shell:create_environment_hook('gate_dtctn', 'cmake_prefix_path')
[3.534s] INFO:colcon.colcon_core.shell:Creating environment hook '/home/movax/adr_ws/install/gate_dtctn/share/gate_dtctn/hook/cmake_prefix_path.ps1'
[3.535s] INFO:colcon.colcon_core.shell:Creating environment descriptor '/home/movax/adr_ws/install/gate_dtctn/share/gate_dtctn/hook/cmake_prefix_path.dsv'
[3.535s] INFO:colcon.colcon_core.shell:Creating environment hook '/home/movax/adr_ws/install/gate_dtctn/share/gate_dtctn/hook/cmake_prefix_path.sh'
[3.536s] Level 1:colcon.colcon_core.environment:checking '/home/movax/adr_ws/install/gate_dtctn/bin'
[3.536s] Level 1:colcon.colcon_core.environment:checking '/home/movax/adr_ws/install/gate_dtctn/lib/pkgconfig/gate_dtctn.pc'
[3.536s] Level 1:colcon.colcon_core.environment:checking '/home/movax/adr_ws/install/gate_dtctn/lib/python3.8/site-packages'
[3.537s] INFO:colcon.colcon_core.shell:Creating package script '/home/movax/adr_ws/install/gate_dtctn/share/gate_dtctn/package.ps1'
[3.538s] INFO:colcon.colcon_core.shell:Creating package descriptor '/home/movax/adr_ws/install/gate_dtctn/share/gate_dtctn/package.dsv'
[3.538s] INFO:colcon.colcon_core.shell:Creating package script '/home/movax/adr_ws/install/gate_dtctn/share/gate_dtctn/package.sh'
[3.539s] INFO:colcon.colcon_core.shell:Creating package script '/home/movax/adr_ws/install/gate_dtctn/share/gate_dtctn/package.bash'
[3.539s] INFO:colcon.colcon_core.shell:Creating package script '/home/movax/adr_ws/install/gate_dtctn/share/gate_dtctn/package.zsh'
[3.540s] Level 1:colcon.colcon_core.environment:create_file_with_runtime_dependencies(/home/movax/adr_ws/install/gate_dtctn/share/colcon-core/packages/gate_dtctn)
[3.541s] DEBUG:colcon.colcon_parallel_executor.executor.parallel:closing loop
[3.541s] DEBUG:colcon.colcon_parallel_executor.executor.parallel:loop closed
[3.542s] DEBUG:colcon.colcon_parallel_executor.executor.parallel:run_until_complete finished with '0'
[3.542s] DEBUG:colcon.colcon_core.event_reactor:joining thread
[3.562s] INFO:colcon.colcon_core.plugin_system:Skipping extension 'colcon_notification.desktop_notification.terminal_notifier': Not used on non-Darwin systems
[3.562s] INFO:colcon.colcon_core.plugin_system:Skipping extension 'colcon_notification.desktop_notification.win32': Not used on non-Windows systems
[3.562s] INFO:colcon.colcon_notification.desktop_notification:Sending desktop notification using 'notify2'
[3.569s] DEBUG:colcon.colcon_core.event_reactor:joined thread
[3.570s] INFO:colcon.colcon_core.shell:Creating prefix script '/home/movax/adr_ws/install/local_setup.ps1'
[3.571s] INFO:colcon.colcon_core.shell:Creating prefix util module '/home/movax/adr_ws/install/_local_setup_util_ps1.py'
[3.573s] INFO:colcon.colcon_core.shell:Creating prefix chain script '/home/movax/adr_ws/install/setup.ps1'
[3.577s] INFO:colcon.colcon_core.shell:Creating prefix script '/home/movax/adr_ws/install/local_setup.sh'
[3.578s] INFO:colcon.colcon_core.shell:Creating prefix util module '/home/movax/adr_ws/install/_local_setup_util_sh.py'
[3.578s] INFO:colcon.colcon_core.shell:Creating prefix chain script '/home/movax/adr_ws/install/setup.sh'
[3.582s] INFO:colcon.colcon_core.shell:Creating prefix script '/home/movax/adr_ws/install/local_setup.bash'
[3.582s] INFO:colcon.colcon_core.shell:Creating prefix chain script '/home/movax/adr_ws/install/setup.bash'
[3.586s] INFO:colcon.colcon_core.shell:Creating prefix script '/home/movax/adr_ws/install/local_setup.zsh'
[3.586s] INFO:colcon.colcon_core.shell:Creating prefix chain script '/home/movax/adr_ws/install/setup.zsh'
