[0.235s] DEBUG:colcon:Command line arguments: ['/usr/bin/colcon', 'build', '--packages-select', 'adf_sil', '--symlink-install']
[0.236s] DEBUG:colcon:Parsed command line arguments: Namespace(allow_overriding=[], ament_cmake_args=None, base_paths=['.'], build_base='build', catkin_cmake_args=None, catkin_skip_building_tests=False, cmake_args=None, cmake_clean_cache=False, cmake_clean_first=False, cmake_force_configure=False, cmake_target=None, cmake_target_skip_unavailable=False, continue_on_error=False, event_handlers=None, executor='parallel', ignore_user_meta=False, install_base='install', log_base=None, log_level=None, main=<bound method BuildVerb.main of <colcon_core.verb.build.BuildVerb object at 0x7f176c669e20>>, merge_install=False, metas=['./colcon.meta'], packages_above=None, packages_above_and_dependencies=None, packages_above_depth=None, packages_end=None, packages_ignore=None, packages_ignore_regex=None, packages_select=['adf_sil'], packages_select_build_failed=False, packages_select_by_dep=None, packages_select_regex=None, packages_select_test_failures=False, packages_skip=None, packages_skip_build_finished=False, packages_skip_by_dep=None, packages_skip_regex=None, packages_skip_test_passed=False, packages_skip_up_to=None, packages_start=None, packages_up_to=None, packages_up_to_regex=None, parallel_workers=4, paths=None, symlink_install=True, test_result_base=None, verb_extension=<colcon_core.verb.build.BuildVerb object at 0x7f176c669e20>, verb_name='build', verb_parser=<colcon_defaults.argument_parser.defaults.DefaultArgumentsDecorator object at 0x7f176c5f33d0>)
[0.244s] Level 1:colcon.colcon_core.package_discovery:discover_packages(colcon_meta) check parameters
[0.244s] Level 1:colcon.colcon_core.package_discovery:discover_packages(recursive) check parameters
[0.245s] Level 1:colcon.colcon_core.package_discovery:discover_packages(ignore) check parameters
[0.245s] Level 1:colcon.colcon_core.package_discovery:discover_packages(path) check parameters
[0.245s] Level 1:colcon.colcon_core.package_discovery:discover_packages(colcon_meta) discover
[0.245s] Level 1:colcon.colcon_core.package_discovery:discover_packages(recursive) discover
[0.245s] INFO:colcon.colcon_core.package_discovery:Crawling recursively for packages in '/home/movax/adr_ws'
[0.245s] Level 1:colcon.colcon_core.package_identification:_identify(.) by extensions ['ignore', 'ignore_ament_install']
[0.245s] Level 1:colcon.colcon_core.package_identification:_identify(.) by extension 'ignore'
[0.245s] Level 1:colcon.colcon_core.package_identification:_identify(.) by extension 'ignore_ament_install'
[0.245s] Level 1:colcon.colcon_core.package_identification:_identify(.) by extensions ['colcon_pkg']
[0.245s] Level 1:colcon.colcon_core.package_identification:_identify(.) by extension 'colcon_pkg'
[0.245s] Level 1:colcon.colcon_core.package_identification:_identify(.) by extensions ['colcon_meta']
[0.245s] Level 1:colcon.colcon_core.package_identification:_identify(.) by extension 'colcon_meta'
[0.245s] Level 1:colcon.colcon_core.package_identification:_identify(.) by extensions ['ros']
[0.245s] Level 1:colcon.colcon_core.package_identification:_identify(.) by extension 'ros'
[0.262s] Level 1:colcon.colcon_core.package_identification:_identify(.) by extensions ['cmake', 'python']
[0.262s] Level 1:colcon.colcon_core.package_identification:_identify(.) by extension 'cmake'
[0.262s] Level 1:colcon.colcon_core.package_identification:_identify(.) by extension 'python'
[0.262s] Level 1:colcon.colcon_core.package_identification:_identify(.) by extensions ['python_setup_py']
[0.262s] Level 1:colcon.colcon_core.package_identification:_identify(.) by extension 'python_setup_py'
[0.262s] Level 1:colcon.colcon_core.package_identification:_identify(adf_sil) by extensions ['ignore', 'ignore_ament_install']
[0.262s] Level 1:colcon.colcon_core.package_identification:_identify(adf_sil) by extension 'ignore'
[0.262s] Level 1:colcon.colcon_core.package_identification:_identify(adf_sil) by extension 'ignore_ament_install'
[0.262s] Level 1:colcon.colcon_core.package_identification:_identify(adf_sil) by extensions ['colcon_pkg']
[0.262s] Level 1:colcon.colcon_core.package_identification:_identify(adf_sil) by extension 'colcon_pkg'
[0.262s] Level 1:colcon.colcon_core.package_identification:_identify(adf_sil) by extensions ['colcon_meta']
[0.262s] Level 1:colcon.colcon_core.package_identification:_identify(adf_sil) by extension 'colcon_meta'
[0.263s] Level 1:colcon.colcon_core.package_identification:_identify(adf_sil) by extensions ['ros']
[0.263s] Level 1:colcon.colcon_core.package_identification:_identify(adf_sil) by extension 'ros'
[0.266s] DEBUG:colcon.colcon_core.package_identification:Package 'adf_sil' with type 'ros.ament_cmake' and name 'adf_sil'
[0.267s] Level 1:colcon.colcon_core.package_identification:_identify(build) by extensions ['ignore', 'ignore_ament_install']
[0.267s] Level 1:colcon.colcon_core.package_identification:_identify(build) by extension 'ignore'
[0.267s] Level 1:colcon.colcon_core.package_identification:_identify(build) ignored
[0.267s] Level 1:colcon.colcon_core.package_identification:_identify(install) by extensions ['ignore', 'ignore_ament_install']
[0.267s] Level 1:colcon.colcon_core.package_identification:_identify(install) by extension 'ignore'
[0.267s] Level 1:colcon.colcon_core.package_identification:_identify(install) ignored
[0.267s] Level 1:colcon.colcon_core.package_identification:_identify(log) by extensions ['ignore', 'ignore_ament_install']
[0.268s] Level 1:colcon.colcon_core.package_identification:_identify(log) by extension 'ignore'
[0.268s] Level 1:colcon.colcon_core.package_identification:_identify(log) ignored
[0.268s] Level 1:colcon.colcon_core.package_identification:_identify(src) by extensions ['ignore', 'ignore_ament_install']
[0.268s] Level 1:colcon.colcon_core.package_identification:_identify(src) by extension 'ignore'
[0.268s] Level 1:colcon.colcon_core.package_identification:_identify(src) by extension 'ignore_ament_install'
[0.268s] Level 1:colcon.colcon_core.package_identification:_identify(src) by extensions ['colcon_pkg']
[0.268s] Level 1:colcon.colcon_core.package_identification:_identify(src) by extension 'colcon_pkg'
[0.268s] Level 1:colcon.colcon_core.package_identification:_identify(src) by extensions ['colcon_meta']
[0.268s] Level 1:colcon.colcon_core.package_identification:_identify(src) by extension 'colcon_meta'
[0.268s] Level 1:colcon.colcon_core.package_identification:_identify(src) by extensions ['ros']
[0.268s] Level 1:colcon.colcon_core.package_identification:_identify(src) by extension 'ros'
[0.268s] Level 1:colcon.colcon_core.package_identification:_identify(src) by extensions ['cmake', 'python']
[0.268s] Level 1:colcon.colcon_core.package_identification:_identify(src) by extension 'cmake'
[0.269s] Level 1:colcon.colcon_core.package_identification:_identify(src) by extension 'python'
[0.269s] Level 1:colcon.colcon_core.package_identification:_identify(src) by extensions ['python_setup_py']
[0.269s] Level 1:colcon.colcon_core.package_identification:_identify(src) by extension 'python_setup_py'
[0.269s] Level 1:colcon.colcon_core.package_identification:_identify(src/gate_dtctn) by extensions ['ignore', 'ignore_ament_install']
[0.269s] Level 1:colcon.colcon_core.package_identification:_identify(src/gate_dtctn) by extension 'ignore'
[0.269s] Level 1:colcon.colcon_core.package_identification:_identify(src/gate_dtctn) by extension 'ignore_ament_install'
[0.269s] Level 1:colcon.colcon_core.package_identification:_identify(src/gate_dtctn) by extensions ['colcon_pkg']
[0.269s] Level 1:colcon.colcon_core.package_identification:_identify(src/gate_dtctn) by extension 'colcon_pkg'
[0.269s] Level 1:colcon.colcon_core.package_identification:_identify(src/gate_dtctn) by extensions ['colcon_meta']
[0.269s] Level 1:colcon.colcon_core.package_identification:_identify(src/gate_dtctn) by extension 'colcon_meta'
[0.269s] Level 1:colcon.colcon_core.package_identification:_identify(src/gate_dtctn) by extensions ['ros']
[0.269s] Level 1:colcon.colcon_core.package_identification:_identify(src/gate_dtctn) by extension 'ros'
[0.271s] DEBUG:colcon.colcon_core.package_identification:Package 'src/gate_dtctn' with type 'ros.ament_cmake' and name 'gate_dtctn'
[0.271s] Level 1:colcon.colcon_core.package_identification:_identify(src/path_fllwng) by extensions ['ignore', 'ignore_ament_install']
[0.271s] Level 1:colcon.colcon_core.package_identification:_identify(src/path_fllwng) by extension 'ignore'
[0.271s] Level 1:colcon.colcon_core.package_identification:_identify(src/path_fllwng) by extension 'ignore_ament_install'
[0.271s] Level 1:colcon.colcon_core.package_identification:_identify(src/path_fllwng) by extensions ['colcon_pkg']
[0.271s] Level 1:colcon.colcon_core.package_identification:_identify(src/path_fllwng) by extension 'colcon_pkg'
[0.271s] Level 1:colcon.colcon_core.package_identification:_identify(src/path_fllwng) by extensions ['colcon_meta']
[0.271s] Level 1:colcon.colcon_core.package_identification:_identify(src/path_fllwng) by extension 'colcon_meta'
[0.271s] Level 1:colcon.colcon_core.package_identification:_identify(src/path_fllwng) by extensions ['ros']
[0.271s] Level 1:colcon.colcon_core.package_identification:_identify(src/path_fllwng) by extension 'ros'
[0.272s] DEBUG:colcon.colcon_core.package_identification:Package 'src/path_fllwng' with type 'ros.ament_python' and name 'path_fllwng'
[0.273s] Level 1:colcon.colcon_core.package_discovery:discover_packages(recursive) using defaults
[0.273s] Level 1:colcon.colcon_core.package_discovery:discover_packages(ignore) discover
[0.273s] Level 1:colcon.colcon_core.package_discovery:discover_packages(ignore) using defaults
[0.273s] Level 1:colcon.colcon_core.package_discovery:discover_packages(path) discover
[0.273s] Level 1:colcon.colcon_core.package_discovery:discover_packages(path) using defaults
[0.301s] INFO:colcon.colcon_core.package_selection:Skipping not selected package 'gate_dtctn' in 'src/gate_dtctn'
[0.301s] INFO:colcon.colcon_core.package_selection:Skipping not selected package 'path_fllwng' in 'src/path_fllwng'
[0.302s] Level 5:colcon.colcon_core.verb:set package 'adf_sil' build argument 'cmake_args' from command line to 'None'
[0.302s] Level 5:colcon.colcon_core.verb:set package 'adf_sil' build argument 'cmake_target' from command line to 'None'
[0.302s] Level 5:colcon.colcon_core.verb:set package 'adf_sil' build argument 'cmake_target_skip_unavailable' from command line to 'False'
[0.302s] Level 5:colcon.colcon_core.verb:set package 'adf_sil' build argument 'cmake_clean_cache' from command line to 'False'
[0.302s] Level 5:colcon.colcon_core.verb:set package 'adf_sil' build argument 'cmake_clean_first' from command line to 'False'
[0.302s] Level 5:colcon.colcon_core.verb:set package 'adf_sil' build argument 'cmake_force_configure' from command line to 'False'
[0.302s] Level 5:colcon.colcon_core.verb:set package 'adf_sil' build argument 'ament_cmake_args' from command line to 'None'
[0.302s] Level 5:colcon.colcon_core.verb:set package 'adf_sil' build argument 'catkin_cmake_args' from command line to 'None'
[0.302s] Level 5:colcon.colcon_core.verb:set package 'adf_sil' build argument 'catkin_skip_building_tests' from command line to 'False'
[0.302s] DEBUG:colcon.colcon_core.verb:Building package 'adf_sil' with the following arguments: {'ament_cmake_args': None, 'build_base': '/home/movax/adr_ws/build/adf_sil', 'catkin_cmake_args': None, 'catkin_skip_building_tests': False, 'cmake_args': None, 'cmake_clean_cache': False, 'cmake_clean_first': False, 'cmake_force_configure': False, 'cmake_target': None, 'cmake_target_skip_unavailable': False, 'install_base': '/home/movax/adr_ws/install/adf_sil', 'merge_install': False, 'path': '/home/movax/adr_ws/adf_sil', 'symlink_install': True, 'test_result_base': None}
[0.304s] WARNING:colcon.colcon_ros.prefix_path.ament:The path '/home/movax/ros2_ws/install/pymav' in the environment variable AMENT_PREFIX_PATH doesn't exist
[0.304s] WARNING:colcon.colcon_ros.prefix_path.ament:The path '/home/movax/ros2_ws/install/GateCV' in the environment variable AMENT_PREFIX_PATH doesn't exist
[0.305s] WARNING:colcon.colcon_ros.prefix_path.catkin:The path '/home/movax/ros2_ws/install/GateCV' in the environment variable CMAKE_PREFIX_PATH doesn't exist
[0.312s] INFO:colcon.colcon_core.executor:Executing jobs using 'parallel' executor
[0.315s] DEBUG:colcon.colcon_parallel_executor.executor.parallel:run_until_complete
[0.315s] INFO:colcon.colcon_ros.task.ament_cmake.build:Building ROS package in '/home/movax/adr_ws/adf_sil' with build type 'ament_cmake'
[0.316s] INFO:colcon.colcon_cmake.task.cmake.build:Building CMake package in '/home/movax/adr_ws/adf_sil'
[0.321s] INFO:colcon.colcon_core.plugin_system:Skipping extension 'colcon_core.shell.bat': Not used on non-Windows systems
[0.321s] INFO:colcon.colcon_core.shell:Skip shell extension 'powershell' for command environment: Not usable outside of PowerShell
[0.322s] DEBUG:colcon.colcon_core.shell:Skip shell extension 'dsv' for command environment
[0.342s] DEBUG:colcon.colcon_core.event_handler.log_command:Invoking command in '/home/movax/adr_ws/build/adf_sil': AMENT_PREFIX_PATH=/home/movax/adr_ws/install/path_fllwng:/home/movax/adr_ws/install/gate_dtctn:${AMENT_PREFIX_PATH} CMAKE_PREFIX_PATH=/home/movax/adr_ws/install/gate_dtctn:/home/movax/ros2_ws/install/my_cpp_pkg:/home/movax/ros2_ws/install/my_robot_interfaces:/home/movax/ros2_ws/install/my_robot_bringup:/home/movax/ros2_ws/install/gate_cv:/home/movax/ros2_ws/install/GateCV:/home/movax/drone_ws/install/mavros_extras:/home/movax/drone_ws/install/mavros:/home/movax/drone_ws/install/mavros_msgs:/home/movax/drone_ws/install/libmavconn:/home/movax/drone_ws/install/mavlink:/home/movax/drone_ws/install/bboxes_ex_msgs:/home/movax/gzb_ws/install/vision_opencv:/home/movax/gzb_ws/install/image_common:/home/movax/gzb_ws/install/gazebo_ros_pkgs:/home/movax/gzb_ws/install/gazebo_plugins:/home/movax/gzb_ws/install/image_transport:/home/movax/gzb_ws/install/image_geometry:/home/movax/gzb_ws/install/gazebo_ros:/home/movax/gzb_ws/install/gazebo_msgs:/home/movax/gzb_ws/install/gazebo_dev:/home/movax/gzb_ws/install/cv_bridge:/home/movax/gzb_ws/install/camera_info_manager:/home/movax/gzb_ws/install/camera_calibration_parsers:/home/movax/ros2_ws/install/pymav:/home/movax/ros2_ws/install/my_py_pkg:/home/movax/ros2_ws/install/cv_basics:/home/movax/gzb_ws/install/opencv_tests:/opt/ros/foxy PYTHONPATH=/home/movax/adr_ws/build/path_fllwng:/home/movax/adr_ws/install/path_fllwng/lib/python3.8/site-packages:${PYTHONPATH} /usr/bin/cmake /home/movax/adr_ws/adf_sil -DAMENT_CMAKE_SYMLINK_INSTALL=1 -DCMAKE_INSTALL_PREFIX=/home/movax/adr_ws/install/adf_sil
[1.704s] DEBUG:colcon.colcon_core.event_handler.log_command:Invoked command in '/home/movax/adr_ws/build/adf_sil' returned '0': AMENT_PREFIX_PATH=/home/movax/adr_ws/install/path_fllwng:/home/movax/adr_ws/install/gate_dtctn:${AMENT_PREFIX_PATH} CMAKE_PREFIX_PATH=/home/movax/adr_ws/install/gate_dtctn:/home/movax/ros2_ws/install/my_cpp_pkg:/home/movax/ros2_ws/install/my_robot_interfaces:/home/movax/ros2_ws/install/my_robot_bringup:/home/movax/ros2_ws/install/gate_cv:/home/movax/ros2_ws/install/GateCV:/home/movax/drone_ws/install/mavros_extras:/home/movax/drone_ws/install/mavros:/home/movax/drone_ws/install/mavros_msgs:/home/movax/drone_ws/install/libmavconn:/home/movax/drone_ws/install/mavlink:/home/movax/drone_ws/install/bboxes_ex_msgs:/home/movax/gzb_ws/install/vision_opencv:/home/movax/gzb_ws/install/image_common:/home/movax/gzb_ws/install/gazebo_ros_pkgs:/home/movax/gzb_ws/install/gazebo_plugins:/home/movax/gzb_ws/install/image_transport:/home/movax/gzb_ws/install/image_geometry:/home/movax/gzb_ws/install/gazebo_ros:/home/movax/gzb_ws/install/gazebo_msgs:/home/movax/gzb_ws/install/gazebo_dev:/home/movax/gzb_ws/install/cv_bridge:/home/movax/gzb_ws/install/camera_info_manager:/home/movax/gzb_ws/install/camera_calibration_parsers:/home/movax/ros2_ws/install/pymav:/home/movax/ros2_ws/install/my_py_pkg:/home/movax/ros2_ws/install/cv_basics:/home/movax/gzb_ws/install/opencv_tests:/opt/ros/foxy PYTHONPATH=/home/movax/adr_ws/build/path_fllwng:/home/movax/adr_ws/install/path_fllwng/lib/python3.8/site-packages:${PYTHONPATH} /usr/bin/cmake /home/movax/adr_ws/adf_sil -DAMENT_CMAKE_SYMLINK_INSTALL=1 -DCMAKE_INSTALL_PREFIX=/home/movax/adr_ws/install/adf_sil
[1.709s] DEBUG:colcon.colcon_core.event_handler.log_command:Invoking command in '/home/movax/adr_ws/build/adf_sil': AMENT_PREFIX_PATH=/home/movax/adr_ws/install/path_fllwng:/home/movax/adr_ws/install/gate_dtctn:${AMENT_PREFIX_PATH} CMAKE_PREFIX_PATH=/home/movax/adr_ws/install/gate_dtctn:/home/movax/ros2_ws/install/my_cpp_pkg:/home/movax/ros2_ws/install/my_robot_interfaces:/home/movax/ros2_ws/install/my_robot_bringup:/home/movax/ros2_ws/install/gate_cv:/home/movax/ros2_ws/install/GateCV:/home/movax/drone_ws/install/mavros_extras:/home/movax/drone_ws/install/mavros:/home/movax/drone_ws/install/mavros_msgs:/home/movax/drone_ws/install/libmavconn:/home/movax/drone_ws/install/mavlink:/home/movax/drone_ws/install/bboxes_ex_msgs:/home/movax/gzb_ws/install/vision_opencv:/home/movax/gzb_ws/install/image_common:/home/movax/gzb_ws/install/gazebo_ros_pkgs:/home/movax/gzb_ws/install/gazebo_plugins:/home/movax/gzb_ws/install/image_transport:/home/movax/gzb_ws/install/image_geometry:/home/movax/gzb_ws/install/gazebo_ros:/home/movax/gzb_ws/install/gazebo_msgs:/home/movax/gzb_ws/install/gazebo_dev:/home/movax/gzb_ws/install/cv_bridge:/home/movax/gzb_ws/install/camera_info_manager:/home/movax/gzb_ws/install/camera_calibration_parsers:/home/movax/ros2_ws/install/pymav:/home/movax/ros2_ws/install/my_py_pkg:/home/movax/ros2_ws/install/cv_basics:/home/movax/gzb_ws/install/opencv_tests:/opt/ros/foxy PYTHONPATH=/home/movax/adr_ws/build/path_fllwng:/home/movax/adr_ws/install/path_fllwng/lib/python3.8/site-packages:${PYTHONPATH} /usr/bin/cmake --build /home/movax/adr_ws/build/adf_sil -- -j4 -l4
[1.778s] DEBUG:colcon.colcon_core.event_handler.log_command:Invoked command in '/home/movax/adr_ws/build/adf_sil' returned '0': AMENT_PREFIX_PATH=/home/movax/adr_ws/install/path_fllwng:/home/movax/adr_ws/install/gate_dtctn:${AMENT_PREFIX_PATH} CMAKE_PREFIX_PATH=/home/movax/adr_ws/install/gate_dtctn:/home/movax/ros2_ws/install/my_cpp_pkg:/home/movax/ros2_ws/install/my_robot_interfaces:/home/movax/ros2_ws/install/my_robot_bringup:/home/movax/ros2_ws/install/gate_cv:/home/movax/ros2_ws/install/GateCV:/home/movax/drone_ws/install/mavros_extras:/home/movax/drone_ws/install/mavros:/home/movax/drone_ws/install/mavros_msgs:/home/movax/drone_ws/install/libmavconn:/home/movax/drone_ws/install/mavlink:/home/movax/drone_ws/install/bboxes_ex_msgs:/home/movax/gzb_ws/install/vision_opencv:/home/movax/gzb_ws/install/image_common:/home/movax/gzb_ws/install/gazebo_ros_pkgs:/home/movax/gzb_ws/install/gazebo_plugins:/home/movax/gzb_ws/install/image_transport:/home/movax/gzb_ws/install/image_geometry:/home/movax/gzb_ws/install/gazebo_ros:/home/movax/gzb_ws/install/gazebo_msgs:/home/movax/gzb_ws/install/gazebo_dev:/home/movax/gzb_ws/install/cv_bridge:/home/movax/gzb_ws/install/camera_info_manager:/home/movax/gzb_ws/install/camera_calibration_parsers:/home/movax/ros2_ws/install/pymav:/home/movax/ros2_ws/install/my_py_pkg:/home/movax/ros2_ws/install/cv_basics:/home/movax/gzb_ws/install/opencv_tests:/opt/ros/foxy PYTHONPATH=/home/movax/adr_ws/build/path_fllwng:/home/movax/adr_ws/install/path_fllwng/lib/python3.8/site-packages:${PYTHONPATH} /usr/bin/cmake --build /home/movax/adr_ws/build/adf_sil -- -j4 -l4
[1.838s] DEBUG:colcon.colcon_core.event_handler.log_command:Invoking command in '/home/movax/adr_ws/build/adf_sil': AMENT_PREFIX_PATH=/home/movax/adr_ws/install/path_fllwng:/home/movax/adr_ws/install/gate_dtctn:${AMENT_PREFIX_PATH} CMAKE_PREFIX_PATH=/home/movax/adr_ws/install/gate_dtctn:/home/movax/ros2_ws/install/my_cpp_pkg:/home/movax/ros2_ws/install/my_robot_interfaces:/home/movax/ros2_ws/install/my_robot_bringup:/home/movax/ros2_ws/install/gate_cv:/home/movax/ros2_ws/install/GateCV:/home/movax/drone_ws/install/mavros_extras:/home/movax/drone_ws/install/mavros:/home/movax/drone_ws/install/mavros_msgs:/home/movax/drone_ws/install/libmavconn:/home/movax/drone_ws/install/mavlink:/home/movax/drone_ws/install/bboxes_ex_msgs:/home/movax/gzb_ws/install/vision_opencv:/home/movax/gzb_ws/install/image_common:/home/movax/gzb_ws/install/gazebo_ros_pkgs:/home/movax/gzb_ws/install/gazebo_plugins:/home/movax/gzb_ws/install/image_transport:/home/movax/gzb_ws/install/image_geometry:/home/movax/gzb_ws/install/gazebo_ros:/home/movax/gzb_ws/install/gazebo_msgs:/home/movax/gzb_ws/install/gazebo_dev:/home/movax/gzb_ws/install/cv_bridge:/home/movax/gzb_ws/install/camera_info_manager:/home/movax/gzb_ws/install/camera_calibration_parsers:/home/movax/ros2_ws/install/pymav:/home/movax/ros2_ws/install/my_py_pkg:/home/movax/ros2_ws/install/cv_basics:/home/movax/gzb_ws/install/opencv_tests:/opt/ros/foxy PYTHONPATH=/home/movax/adr_ws/build/path_fllwng:/home/movax/adr_ws/install/path_fllwng/lib/python3.8/site-packages:${PYTHONPATH} /usr/bin/cmake --install /home/movax/adr_ws/build/adf_sil
[2.114s] Level 1:colcon.colcon_core.environment:create_environment_scripts_only(adf_sil)
[2.116s] DEBUG:colcon.colcon_core.event_handler.log_command:Invoked command in '/home/movax/adr_ws/build/adf_sil' returned '0': AMENT_PREFIX_PATH=/home/movax/adr_ws/install/path_fllwng:/home/movax/adr_ws/install/gate_dtctn:${AMENT_PREFIX_PATH} CMAKE_PREFIX_PATH=/home/movax/adr_ws/install/gate_dtctn:/home/movax/ros2_ws/install/my_cpp_pkg:/home/movax/ros2_ws/install/my_robot_interfaces:/home/movax/ros2_ws/install/my_robot_bringup:/home/movax/ros2_ws/install/gate_cv:/home/movax/ros2_ws/install/GateCV:/home/movax/drone_ws/install/mavros_extras:/home/movax/drone_ws/install/mavros:/home/movax/drone_ws/install/mavros_msgs:/home/movax/drone_ws/install/libmavconn:/home/movax/drone_ws/install/mavlink:/home/movax/drone_ws/install/bboxes_ex_msgs:/home/movax/gzb_ws/install/vision_opencv:/home/movax/gzb_ws/install/image_common:/home/movax/gzb_ws/install/gazebo_ros_pkgs:/home/movax/gzb_ws/install/gazebo_plugins:/home/movax/gzb_ws/install/image_transport:/home/movax/gzb_ws/install/image_geometry:/home/movax/gzb_ws/install/gazebo_ros:/home/movax/gzb_ws/install/gazebo_msgs:/home/movax/gzb_ws/install/gazebo_dev:/home/movax/gzb_ws/install/cv_bridge:/home/movax/gzb_ws/install/camera_info_manager:/home/movax/gzb_ws/install/camera_calibration_parsers:/home/movax/ros2_ws/install/pymav:/home/movax/ros2_ws/install/my_py_pkg:/home/movax/ros2_ws/install/cv_basics:/home/movax/gzb_ws/install/opencv_tests:/opt/ros/foxy PYTHONPATH=/home/movax/adr_ws/build/path_fllwng:/home/movax/adr_ws/install/path_fllwng/lib/python3.8/site-packages:${PYTHONPATH} /usr/bin/cmake --install /home/movax/adr_ws/build/adf_sil
[2.122s] Level 1:colcon.colcon_core.environment:checking '/home/movax/adr_ws/install/adf_sil' for CMake module files
[2.123s] Level 1:colcon.colcon_core.environment:checking '/home/movax/adr_ws/install/adf_sil' for CMake config files
[2.123s] Level 1:colcon.colcon_core.shell:create_environment_hook('adf_sil', 'cmake_prefix_path')
[2.124s] INFO:colcon.colcon_core.shell:Creating environment hook '/home/movax/adr_ws/install/adf_sil/share/adf_sil/hook/cmake_prefix_path.ps1'
[2.125s] INFO:colcon.colcon_core.shell:Creating environment descriptor '/home/movax/adr_ws/install/adf_sil/share/adf_sil/hook/cmake_prefix_path.dsv'
[2.125s] INFO:colcon.colcon_core.shell:Creating environment hook '/home/movax/adr_ws/install/adf_sil/share/adf_sil/hook/cmake_prefix_path.sh'
[2.126s] Level 1:colcon.colcon_core.environment:checking '/home/movax/adr_ws/install/adf_sil/bin'
[2.126s] Level 1:colcon.colcon_core.environment:checking '/home/movax/adr_ws/install/adf_sil/lib/pkgconfig/adf_sil.pc'
[2.127s] Level 1:colcon.colcon_core.environment:checking '/home/movax/adr_ws/install/adf_sil/lib/python3.8/site-packages'
[2.128s] INFO:colcon.colcon_core.shell:Creating package script '/home/movax/adr_ws/install/adf_sil/share/adf_sil/package.ps1'
[2.129s] INFO:colcon.colcon_core.shell:Creating package descriptor '/home/movax/adr_ws/install/adf_sil/share/adf_sil/package.dsv'
[2.130s] INFO:colcon.colcon_core.shell:Creating package script '/home/movax/adr_ws/install/adf_sil/share/adf_sil/package.sh'
[2.131s] INFO:colcon.colcon_core.shell:Creating package script '/home/movax/adr_ws/install/adf_sil/share/adf_sil/package.bash'
[2.132s] INFO:colcon.colcon_core.shell:Creating package script '/home/movax/adr_ws/install/adf_sil/share/adf_sil/package.zsh'
[2.133s] Level 1:colcon.colcon_core.environment:create_file_with_runtime_dependencies(/home/movax/adr_ws/install/adf_sil/share/colcon-core/packages/adf_sil)
[2.171s] Level 1:colcon.colcon_core.environment:create_environment_scripts_only(adf_sil)
[2.173s] Level 1:colcon.colcon_core.environment:checking '/home/movax/adr_ws/install/adf_sil' for CMake module files
[2.173s] Level 1:colcon.colcon_core.environment:checking '/home/movax/adr_ws/install/adf_sil' for CMake config files
[2.174s] Level 1:colcon.colcon_core.shell:create_environment_hook('adf_sil', 'cmake_prefix_path')
[2.175s] INFO:colcon.colcon_core.shell:Creating environment hook '/home/movax/adr_ws/install/adf_sil/share/adf_sil/hook/cmake_prefix_path.ps1'
[2.175s] INFO:colcon.colcon_core.shell:Creating environment descriptor '/home/movax/adr_ws/install/adf_sil/share/adf_sil/hook/cmake_prefix_path.dsv'
[2.176s] INFO:colcon.colcon_core.shell:Creating environment hook '/home/movax/adr_ws/install/adf_sil/share/adf_sil/hook/cmake_prefix_path.sh'
[2.176s] Level 1:colcon.colcon_core.environment:checking '/home/movax/adr_ws/install/adf_sil/bin'
[2.177s] Level 1:colcon.colcon_core.environment:checking '/home/movax/adr_ws/install/adf_sil/lib/pkgconfig/adf_sil.pc'
[2.177s] Level 1:colcon.colcon_core.environment:checking '/home/movax/adr_ws/install/adf_sil/lib/python3.8/site-packages'
[2.178s] INFO:colcon.colcon_core.shell:Creating package script '/home/movax/adr_ws/install/adf_sil/share/adf_sil/package.ps1'
[2.178s] INFO:colcon.colcon_core.shell:Creating package descriptor '/home/movax/adr_ws/install/adf_sil/share/adf_sil/package.dsv'
[2.179s] INFO:colcon.colcon_core.shell:Creating package script '/home/movax/adr_ws/install/adf_sil/share/adf_sil/package.sh'
[2.180s] INFO:colcon.colcon_core.shell:Creating package script '/home/movax/adr_ws/install/adf_sil/share/adf_sil/package.bash'
[2.181s] INFO:colcon.colcon_core.shell:Creating package script '/home/movax/adr_ws/install/adf_sil/share/adf_sil/package.zsh'
[2.181s] Level 1:colcon.colcon_core.environment:create_file_with_runtime_dependencies(/home/movax/adr_ws/install/adf_sil/share/colcon-core/packages/adf_sil)
[2.182s] DEBUG:colcon.colcon_parallel_executor.executor.parallel:closing loop
[2.182s] DEBUG:colcon.colcon_parallel_executor.executor.parallel:loop closed
[2.183s] DEBUG:colcon.colcon_parallel_executor.executor.parallel:run_until_complete finished with '0'
[2.183s] DEBUG:colcon.colcon_core.event_reactor:joining thread
[2.192s] INFO:colcon.colcon_core.plugin_system:Skipping extension 'colcon_notification.desktop_notification.terminal_notifier': Not used on non-Darwin systems
[2.192s] INFO:colcon.colcon_core.plugin_system:Skipping extension 'colcon_notification.desktop_notification.win32': Not used on non-Windows systems
[2.192s] INFO:colcon.colcon_notification.desktop_notification:Sending desktop notification using 'notify2'
[2.202s] DEBUG:colcon.colcon_core.event_reactor:joined thread
[2.203s] INFO:colcon.colcon_core.shell:Creating prefix script '/home/movax/adr_ws/install/local_setup.ps1'
[2.206s] INFO:colcon.colcon_core.shell:Creating prefix util module '/home/movax/adr_ws/install/_local_setup_util_ps1.py'
[2.208s] INFO:colcon.colcon_core.shell:Creating prefix chain script '/home/movax/adr_ws/install/setup.ps1'
[2.211s] INFO:colcon.colcon_core.shell:Creating prefix script '/home/movax/adr_ws/install/local_setup.sh'
[2.212s] INFO:colcon.colcon_core.shell:Creating prefix util module '/home/movax/adr_ws/install/_local_setup_util_sh.py'
[2.213s] INFO:colcon.colcon_core.shell:Creating prefix chain script '/home/movax/adr_ws/install/setup.sh'
[2.217s] INFO:colcon.colcon_core.shell:Creating prefix script '/home/movax/adr_ws/install/local_setup.bash'
[2.217s] INFO:colcon.colcon_core.shell:Creating prefix chain script '/home/movax/adr_ws/install/setup.bash'
[2.220s] INFO:colcon.colcon_core.shell:Creating prefix script '/home/movax/adr_ws/install/local_setup.zsh'
[2.221s] INFO:colcon.colcon_core.shell:Creating prefix chain script '/home/movax/adr_ws/install/setup.zsh'
