[0.038s] Invoking command in '/home/movax/adr_ws/build/gate_dtctn': CMAKE_PREFIX_PATH=${CMAKE_PREFIX_PATH}:/home/movax/ros2_ws/install/pymav:/home/movax/ros2_ws/install/my_py_pkg:/home/movax/ros2_ws/install/cv_basics:/home/movax/gzb_ws/install/opencv_tests:/opt/ros/foxy /usr/bin/cmake /home/movax/adr_ws/src/gate_dtctn -DCMAKE_INSTALL_PREFIX=/home/movax/adr_ws/install/gate_dtctn
[0.145s] -- The C compiler identification is GNU 9.3.0
[0.241s] -- The CXX compiler identification is GNU 9.3.0
[0.250s] -- Check for working C compiler: /usr/lib/ccache/cc
[0.394s] -- Check for working C compiler: /usr/lib/ccache/cc -- works
[0.396s] -- Detecting C compiler ABI info
[0.500s] -- Detecting C compiler ABI info - done
[0.519s] -- Detecting C compile features
[0.519s] -- Detecting C compile features - done
[0.523s] -- Check for working CXX compiler: /usr/lib/ccache/c++
[0.712s] -- Check for working CXX compiler: /usr/lib/ccache/c++ -- works
[0.713s] -- Detecting CXX compiler ABI info
[0.827s] -- Detecting CXX compiler ABI info - done
[0.845s] -- Detecting CXX compile features
[0.846s] -- Detecting CXX compile features - done
[0.852s] -- Found ament_cmake: 0.9.9 (/opt/ros/foxy/share/ament_cmake/cmake)
[0.913s] -- Found PythonInterp: /usr/bin/python3 (found suitable version "3.8.10", minimum required is "3") 
[0.914s] -- Using PYTHON_EXECUTABLE: /usr/bin/python3
[1.324s] -- Found rclcpp: 2.4.1 (/opt/ros/foxy/share/rclcpp/cmake)
[1.428s] -- Using all available rosidl_typesupport_c: rosidl_typesupport_fastrtps_c;rosidl_typesupport_introspection_c
[1.446s] -- Found rosidl_adapter: 1.2.1 (/opt/ros/foxy/share/rosidl_adapter/cmake)
[1.620s] -- Found OpenSSL: /usr/lib/x86_64-linux-gnu/libcrypto.so (found version "1.1.1f")  
[1.685s] -- Found FastRTPS: /opt/ros/foxy/include  
[1.841s] -- Using all available rosidl_typesupport_cpp: rosidl_typesupport_fastrtps_cpp;rosidl_typesupport_introspection_cpp
[1.945s] -- Found rmw_implementation_cmake: 1.0.3 (/opt/ros/foxy/share/rmw_implementation_cmake/cmake)
[1.949s] -- Using RMW implementation 'rmw_fastrtps_cpp' as default
[1.950s] -- Looking for pthread.h
[2.081s] -- Looking for pthread.h - found
[2.081s] -- Performing Test CMAKE_HAVE_LIBC_PTHREAD
[2.216s] -- Performing Test CMAKE_HAVE_LIBC_PTHREAD - Failed
[2.216s] -- Looking for pthread_create in pthreads
[2.293s] -- Looking for pthread_create in pthreads - not found
[2.293s] -- Looking for pthread_create in pthread
[2.386s] -- Looking for pthread_create in pthread - found
[2.387s] -- Found Threads: TRUE  
[2.681s] -- Found ament_lint_auto: 0.9.6 (/opt/ros/foxy/share/ament_lint_auto/cmake)
[2.981s] -- Added test 'copyright' to check source files copyright and LICENSE
[2.985s] -- Added test 'lint_cmake' to check CMake code style
[2.988s] -- Added test 'xmllint' to check XML markup files
[2.994s] -- Configuring done
[2.997s] -- Generating done
[2.999s] -- Build files have been written to: /home/movax/adr_ws/build/gate_dtctn
[3.011s] Invoked command in '/home/movax/adr_ws/build/gate_dtctn' returned '0': CMAKE_PREFIX_PATH=${CMAKE_PREFIX_PATH}:/home/movax/ros2_ws/install/pymav:/home/movax/ros2_ws/install/my_py_pkg:/home/movax/ros2_ws/install/cv_basics:/home/movax/gzb_ws/install/opencv_tests:/opt/ros/foxy /usr/bin/cmake /home/movax/adr_ws/src/gate_dtctn -DCMAKE_INSTALL_PREFIX=/home/movax/adr_ws/install/gate_dtctn
[3.015s] Invoking command in '/home/movax/adr_ws/build/gate_dtctn': CMAKE_PREFIX_PATH=${CMAKE_PREFIX_PATH}:/home/movax/ros2_ws/install/pymav:/home/movax/ros2_ws/install/my_py_pkg:/home/movax/ros2_ws/install/cv_basics:/home/movax/gzb_ws/install/opencv_tests:/opt/ros/foxy /usr/bin/cmake --build /home/movax/adr_ws/build/gate_dtctn -- -j4 -l4
[3.085s] Invoked command in '/home/movax/adr_ws/build/gate_dtctn' returned '0': CMAKE_PREFIX_PATH=${CMAKE_PREFIX_PATH}:/home/movax/ros2_ws/install/pymav:/home/movax/ros2_ws/install/my_py_pkg:/home/movax/ros2_ws/install/cv_basics:/home/movax/gzb_ws/install/opencv_tests:/opt/ros/foxy /usr/bin/cmake --build /home/movax/adr_ws/build/gate_dtctn -- -j4 -l4
[3.146s] Invoking command in '/home/movax/adr_ws/build/gate_dtctn': CMAKE_PREFIX_PATH=${CMAKE_PREFIX_PATH}:/home/movax/ros2_ws/install/pymav:/home/movax/ros2_ws/install/my_py_pkg:/home/movax/ros2_ws/install/cv_basics:/home/movax/gzb_ws/install/opencv_tests:/opt/ros/foxy /usr/bin/cmake --install /home/movax/adr_ws/build/gate_dtctn
[3.161s] -- Install configuration: ""
[3.161s] -- Installing: /home/movax/adr_ws/install/gate_dtctn/share/ament_index/resource_index/package_run_dependencies/gate_dtctn
[3.161s] -- Installing: /home/movax/adr_ws/install/gate_dtctn/share/ament_index/resource_index/parent_prefix_path/gate_dtctn
[3.161s] -- Installing: /home/movax/adr_ws/install/gate_dtctn/share/gate_dtctn/environment/ament_prefix_path.sh
[3.162s] -- Installing: /home/movax/adr_ws/install/gate_dtctn/share/gate_dtctn/environment/ament_prefix_path.dsv
[3.162s] -- Installing: /home/movax/adr_ws/install/gate_dtctn/share/gate_dtctn/environment/path.sh
[3.163s] -- Installing: /home/movax/adr_ws/install/gate_dtctn/share/gate_dtctn/environment/path.dsv
[3.163s] -- Installing: /home/movax/adr_ws/install/gate_dtctn/share/gate_dtctn/local_setup.bash
[3.163s] -- Installing: /home/movax/adr_ws/install/gate_dtctn/share/gate_dtctn/local_setup.sh
[3.163s] -- Installing: /home/movax/adr_ws/install/gate_dtctn/share/gate_dtctn/local_setup.zsh
[3.163s] -- Installing: /home/movax/adr_ws/install/gate_dtctn/share/gate_dtctn/local_setup.dsv
[3.164s] -- Installing: /home/movax/adr_ws/install/gate_dtctn/share/gate_dtctn/package.dsv
[3.164s] -- Installing: /home/movax/adr_ws/install/gate_dtctn/share/ament_index/resource_index/packages/gate_dtctn
[3.164s] -- Installing: /home/movax/adr_ws/install/gate_dtctn/share/gate_dtctn/cmake/gate_dtctnConfig.cmake
[3.164s] -- Installing: /home/movax/adr_ws/install/gate_dtctn/share/gate_dtctn/cmake/gate_dtctnConfig-version.cmake
[3.164s] -- Installing: /home/movax/adr_ws/install/gate_dtctn/share/gate_dtctn/package.xml
[3.169s] Invoked command in '/home/movax/adr_ws/build/gate_dtctn' returned '0': CMAKE_PREFIX_PATH=${CMAKE_PREFIX_PATH}:/home/movax/ros2_ws/install/pymav:/home/movax/ros2_ws/install/my_py_pkg:/home/movax/ros2_ws/install/cv_basics:/home/movax/gzb_ws/install/opencv_tests:/opt/ros/foxy /usr/bin/cmake --install /home/movax/adr_ws/build/gate_dtctn
