running develop
running egg_info
writing ../../build/path_fllwng/path_fllwng.egg-info/PKG-INFO
writing dependency_links to ../../build/path_fllwng/path_fllwng.egg-info/dependency_links.txt
writing entry points to ../../build/path_fllwng/path_fllwng.egg-info/entry_points.txt
writing requirements to ../../build/path_fllwng/path_fllwng.egg-info/requires.txt
writing top-level names to ../../build/path_fllwng/path_fllwng.egg-info/top_level.txt
reading manifest file '../../build/path_fllwng/path_fllwng.egg-info/SOURCES.txt'
writing manifest file '../../build/path_fllwng/path_fllwng.egg-info/SOURCES.txt'
running build
running build_py
running install
running install_lib
running install_data
running install_egg_info
removing '/home/movax/adr_ws/install/path_fllwng/lib/python3.8/site-packages/path_fllwng-0.0.0-py3.8.egg-info' (and everything under it)
Copying ../../build/path_fllwng/path_fllwng.egg-info to /home/movax/adr_ws/install/path_fllwng/lib/python3.8/site-packages/path_fllwng-0.0.0-py3.8.egg-info
running install_scripts
Installing waypoint_flight script to /home/movax/adr_ws/install/path_fllwng/lib/path_fllwng
writing list of installed files to '/home/movax/adr_ws/build/path_fllwng/install.log'
