[0.392s] Invoking command in '/home/movax/adr_ws/build/gate_dtctn': CMAKE_PREFIX_PATH=${CMAKE_PREFIX_PATH}:/home/movax/adr_ws/install/path_fllwng:/home/movax/adr_ws/install/gazebo_sim:/home/movax/ros2_ws/install/my_py_pkg:/home/movax/ros2_ws/install/flight_mission:/home/movax/ros2_ws/install/cv_basics:/home/movax/gzb_ws/install/opencv_tests:/opt/ros/foxy /usr/bin/cmake --build /home/movax/adr_ws/build/gate_dtctn -- -j4 -l4
[1.869s] [100%] Built target gate_cv
[1.890s] Invoked command in '/home/movax/adr_ws/build/gate_dtctn' returned '0': CMAKE_PREFIX_PATH=${CMAKE_PREFIX_PATH}:/home/movax/adr_ws/install/path_fllwng:/home/movax/adr_ws/install/gazebo_sim:/home/movax/ros2_ws/install/my_py_pkg:/home/movax/ros2_ws/install/flight_mission:/home/movax/ros2_ws/install/cv_basics:/home/movax/gzb_ws/install/opencv_tests:/opt/ros/foxy /usr/bin/cmake --build /home/movax/adr_ws/build/gate_dtctn -- -j4 -l4
[1.966s] Invoking command in '/home/movax/adr_ws/build/gate_dtctn': CMAKE_PREFIX_PATH=${CMAKE_PREFIX_PATH}:/home/movax/adr_ws/install/path_fllwng:/home/movax/adr_ws/install/gazebo_sim:/home/movax/ros2_ws/install/my_py_pkg:/home/movax/ros2_ws/install/flight_mission:/home/movax/ros2_ws/install/cv_basics:/home/movax/gzb_ws/install/opencv_tests:/opt/ros/foxy /usr/bin/cmake --install /home/movax/adr_ws/build/gate_dtctn
[2.032s] -- Install configuration: ""
[2.039s] -- Up-to-date: /home/movax/adr_ws/install/gate_dtctn/lib/gate_dtctn/gate_cv
[2.049s] -- Up-to-date: /home/movax/adr_ws/install/gate_dtctn/share/ament_index/resource_index/package_run_dependencies/gate_dtctn
[2.049s] -- Up-to-date: /home/movax/adr_ws/install/gate_dtctn/share/ament_index/resource_index/parent_prefix_path/gate_dtctn
[2.050s] -- Up-to-date: /home/movax/adr_ws/install/gate_dtctn/share/gate_dtctn/environment/ament_prefix_path.sh
[2.051s] -- Up-to-date: /home/movax/adr_ws/install/gate_dtctn/share/gate_dtctn/environment/ament_prefix_path.dsv
[2.052s] -- Up-to-date: /home/movax/adr_ws/install/gate_dtctn/share/gate_dtctn/environment/path.sh
[2.052s] -- Up-to-date: /home/movax/adr_ws/install/gate_dtctn/share/gate_dtctn/environment/path.dsv
[2.052s] -- Up-to-date: /home/movax/adr_ws/install/gate_dtctn/share/gate_dtctn/local_setup.bash
[2.052s] -- Up-to-date: /home/movax/adr_ws/install/gate_dtctn/share/gate_dtctn/local_setup.sh
[2.052s] -- Up-to-date: /home/movax/adr_ws/install/gate_dtctn/share/gate_dtctn/local_setup.zsh
[2.052s] -- Up-to-date: /home/movax/adr_ws/install/gate_dtctn/share/gate_dtctn/local_setup.dsv
[2.053s] -- Installing: /home/movax/adr_ws/install/gate_dtctn/share/gate_dtctn/package.dsv
[2.061s] -- Up-to-date: /home/movax/adr_ws/install/gate_dtctn/share/ament_index/resource_index/packages/gate_dtctn
[2.062s] -- Up-to-date: /home/movax/adr_ws/install/gate_dtctn/share/gate_dtctn/cmake/gate_dtctnConfig.cmake
[2.062s] -- Up-to-date: /home/movax/adr_ws/install/gate_dtctn/share/gate_dtctn/cmake/gate_dtctnConfig-version.cmake
[2.062s] -- Up-to-date: /home/movax/adr_ws/install/gate_dtctn/share/gate_dtctn/package.xml
[2.066s] Invoked command in '/home/movax/adr_ws/build/gate_dtctn' returned '0': CMAKE_PREFIX_PATH=${CMAKE_PREFIX_PATH}:/home/movax/adr_ws/install/path_fllwng:/home/movax/adr_ws/install/gazebo_sim:/home/movax/ros2_ws/install/my_py_pkg:/home/movax/ros2_ws/install/flight_mission:/home/movax/ros2_ws/install/cv_basics:/home/movax/gzb_ws/install/opencv_tests:/opt/ros/foxy /usr/bin/cmake --install /home/movax/adr_ws/build/gate_dtctn
