[0.223s] DEBUG:colcon:Command line arguments: ['/usr/bin/colcon', 'build', '--packages-select', 'adf_sil', '--symlink-install']
[0.223s] DEBUG:colcon:Parsed command line arguments: Namespace(allow_overriding=[], ament_cmake_args=None, base_paths=['.'], build_base='build', catkin_cmake_args=None, catkin_skip_building_tests=False, cmake_args=None, cmake_clean_cache=False, cmake_clean_first=False, cmake_force_configure=False, cmake_target=None, cmake_target_skip_unavailable=False, continue_on_error=False, event_handlers=None, executor='parallel', ignore_user_meta=False, install_base='install', log_base=None, log_level=None, main=<bound method BuildVerb.main of <colcon_core.verb.build.BuildVerb object at 0x7f086eec9490>>, merge_install=False, metas=['./colcon.meta'], packages_above=None, packages_above_and_dependencies=None, packages_above_depth=None, packages_end=None, packages_ignore=None, packages_ignore_regex=None, packages_select=['adf_sil'], packages_select_build_failed=False, packages_select_by_dep=None, packages_select_regex=None, packages_select_test_failures=False, packages_skip=None, packages_skip_build_finished=False, packages_skip_by_dep=None, packages_skip_regex=None, packages_skip_test_passed=False, packages_skip_up_to=None, packages_start=None, packages_up_to=None, packages_up_to_regex=None, parallel_workers=4, paths=None, symlink_install=True, test_result_base=None, verb_extension=<colcon_core.verb.build.BuildVerb object at 0x7f086eec9490>, verb_name='build', verb_parser=<colcon_defaults.argument_parser.defaults.DefaultArgumentsDecorator object at 0x7f086eec99d0>)
[0.299s] Level 1:colcon.colcon_core.package_discovery:discover_packages(colcon_meta) check parameters
[0.300s] Level 1:colcon.colcon_core.package_discovery:discover_packages(recursive) check parameters
[0.300s] Level 1:colcon.colcon_core.package_discovery:discover_packages(ignore) check parameters
[0.300s] Level 1:colcon.colcon_core.package_discovery:discover_packages(path) check parameters
[0.301s] Level 1:colcon.colcon_core.package_discovery:discover_packages(colcon_meta) discover
[0.301s] Level 1:colcon.colcon_core.package_discovery:discover_packages(recursive) discover
[0.301s] INFO:colcon.colcon_core.package_discovery:Crawling recursively for packages in '/home/movax/adr_ws'
[0.302s] Level 1:colcon.colcon_core.package_identification:_identify(.) by extensions ['ignore', 'ignore_ament_install']
[0.302s] Level 1:colcon.colcon_core.package_identification:_identify(.) by extension 'ignore'
[0.302s] Level 1:colcon.colcon_core.package_identification:_identify(.) by extension 'ignore_ament_install'
[0.303s] Level 1:colcon.colcon_core.package_identification:_identify(.) by extensions ['colcon_pkg']
[0.303s] Level 1:colcon.colcon_core.package_identification:_identify(.) by extension 'colcon_pkg'
[0.303s] Level 1:colcon.colcon_core.package_identification:_identify(.) by extensions ['colcon_meta']
[0.303s] Level 1:colcon.colcon_core.package_identification:_identify(.) by extension 'colcon_meta'
[0.303s] Level 1:colcon.colcon_core.package_identification:_identify(.) by extensions ['ros']
[0.303s] Level 1:colcon.colcon_core.package_identification:_identify(.) by extension 'ros'
[0.326s] Level 1:colcon.colcon_core.package_identification:_identify(.) by extensions ['cmake', 'python']
[0.326s] Level 1:colcon.colcon_core.package_identification:_identify(.) by extension 'cmake'
[0.326s] Level 1:colcon.colcon_core.package_identification:_identify(.) by extension 'python'
[0.326s] Level 1:colcon.colcon_core.package_identification:_identify(.) by extensions ['python_setup_py']
[0.326s] Level 1:colcon.colcon_core.package_identification:_identify(.) by extension 'python_setup_py'
[0.327s] Level 1:colcon.colcon_core.package_identification:_identify(build) by extensions ['ignore', 'ignore_ament_install']
[0.327s] Level 1:colcon.colcon_core.package_identification:_identify(build) by extension 'ignore'
[0.327s] Level 1:colcon.colcon_core.package_identification:_identify(build) ignored
[0.327s] Level 1:colcon.colcon_core.package_identification:_identify(install) by extensions ['ignore', 'ignore_ament_install']
[0.327s] Level 1:colcon.colcon_core.package_identification:_identify(install) by extension 'ignore'
[0.327s] Level 1:colcon.colcon_core.package_identification:_identify(install) ignored
[0.327s] Level 1:colcon.colcon_core.package_identification:_identify(log) by extensions ['ignore', 'ignore_ament_install']
[0.327s] Level 1:colcon.colcon_core.package_identification:_identify(log) by extension 'ignore'
[0.327s] Level 1:colcon.colcon_core.package_identification:_identify(log) ignored
[0.328s] Level 1:colcon.colcon_core.package_identification:_identify(src) by extensions ['ignore', 'ignore_ament_install']
[0.328s] Level 1:colcon.colcon_core.package_identification:_identify(src) by extension 'ignore'
[0.328s] Level 1:colcon.colcon_core.package_identification:_identify(src) by extension 'ignore_ament_install'
[0.328s] Level 1:colcon.colcon_core.package_identification:_identify(src) by extensions ['colcon_pkg']
[0.328s] Level 1:colcon.colcon_core.package_identification:_identify(src) by extension 'colcon_pkg'
[0.328s] Level 1:colcon.colcon_core.package_identification:_identify(src) by extensions ['colcon_meta']
[0.328s] Level 1:colcon.colcon_core.package_identification:_identify(src) by extension 'colcon_meta'
[0.328s] Level 1:colcon.colcon_core.package_identification:_identify(src) by extensions ['ros']
[0.328s] Level 1:colcon.colcon_core.package_identification:_identify(src) by extension 'ros'
[0.328s] Level 1:colcon.colcon_core.package_identification:_identify(src) by extensions ['cmake', 'python']
[0.328s] Level 1:colcon.colcon_core.package_identification:_identify(src) by extension 'cmake'
[0.328s] Level 1:colcon.colcon_core.package_identification:_identify(src) by extension 'python'
[0.329s] Level 1:colcon.colcon_core.package_identification:_identify(src) by extensions ['python_setup_py']
[0.329s] Level 1:colcon.colcon_core.package_identification:_identify(src) by extension 'python_setup_py'
[0.329s] Level 1:colcon.colcon_core.package_identification:_identify(src/adf_sil) by extensions ['ignore', 'ignore_ament_install']
[0.329s] Level 1:colcon.colcon_core.package_identification:_identify(src/adf_sil) by extension 'ignore'
[0.329s] Level 1:colcon.colcon_core.package_identification:_identify(src/adf_sil) by extension 'ignore_ament_install'
[0.329s] Level 1:colcon.colcon_core.package_identification:_identify(src/adf_sil) by extensions ['colcon_pkg']
[0.329s] Level 1:colcon.colcon_core.package_identification:_identify(src/adf_sil) by extension 'colcon_pkg'
[0.329s] Level 1:colcon.colcon_core.package_identification:_identify(src/adf_sil) by extensions ['colcon_meta']
[0.329s] Level 1:colcon.colcon_core.package_identification:_identify(src/adf_sil) by extension 'colcon_meta'
[0.329s] Level 1:colcon.colcon_core.package_identification:_identify(src/adf_sil) by extensions ['ros']
[0.329s] Level 1:colcon.colcon_core.package_identification:_identify(src/adf_sil) by extension 'ros'
[0.333s] DEBUG:colcon.colcon_core.package_identification:Package 'src/adf_sil' with type 'ros.ament_cmake' and name 'adf_sil'
[0.333s] Level 1:colcon.colcon_core.package_identification:_identify(src/gate_dtctn) by extensions ['ignore', 'ignore_ament_install']
[0.333s] Level 1:colcon.colcon_core.package_identification:_identify(src/gate_dtctn) by extension 'ignore'
[0.333s] Level 1:colcon.colcon_core.package_identification:_identify(src/gate_dtctn) by extension 'ignore_ament_install'
[0.333s] Level 1:colcon.colcon_core.package_identification:_identify(src/gate_dtctn) by extensions ['colcon_pkg']
[0.333s] Level 1:colcon.colcon_core.package_identification:_identify(src/gate_dtctn) by extension 'colcon_pkg'
[0.333s] Level 1:colcon.colcon_core.package_identification:_identify(src/gate_dtctn) by extensions ['colcon_meta']
[0.333s] Level 1:colcon.colcon_core.package_identification:_identify(src/gate_dtctn) by extension 'colcon_meta'
[0.333s] Level 1:colcon.colcon_core.package_identification:_identify(src/gate_dtctn) by extensions ['ros']
[0.333s] Level 1:colcon.colcon_core.package_identification:_identify(src/gate_dtctn) by extension 'ros'
[0.335s] DEBUG:colcon.colcon_core.package_identification:Package 'src/gate_dtctn' with type 'ros.ament_cmake' and name 'gate_dtctn'
[0.335s] Level 1:colcon.colcon_core.package_identification:_identify(src/gazebo_sim) by extensions ['ignore', 'ignore_ament_install']
[0.335s] Level 1:colcon.colcon_core.package_identification:_identify(src/gazebo_sim) by extension 'ignore'
[0.335s] Level 1:colcon.colcon_core.package_identification:_identify(src/gazebo_sim) by extension 'ignore_ament_install'
[0.335s] Level 1:colcon.colcon_core.package_identification:_identify(src/gazebo_sim) by extensions ['colcon_pkg']
[0.335s] Level 1:colcon.colcon_core.package_identification:_identify(src/gazebo_sim) by extension 'colcon_pkg'
[0.335s] Level 1:colcon.colcon_core.package_identification:_identify(src/gazebo_sim) by extensions ['colcon_meta']
[0.335s] Level 1:colcon.colcon_core.package_identification:_identify(src/gazebo_sim) by extension 'colcon_meta'
[0.335s] Level 1:colcon.colcon_core.package_identification:_identify(src/gazebo_sim) by extensions ['ros']
[0.335s] Level 1:colcon.colcon_core.package_identification:_identify(src/gazebo_sim) by extension 'ros'
[0.336s] DEBUG:colcon.colcon_core.package_identification:Package 'src/gazebo_sim' with type 'ros.ament_python' and name 'gazebo_sim'
[0.336s] Level 1:colcon.colcon_core.package_identification:_identify(src/path_fllwng) by extensions ['ignore', 'ignore_ament_install']
[0.336s] Level 1:colcon.colcon_core.package_identification:_identify(src/path_fllwng) by extension 'ignore'
[0.336s] Level 1:colcon.colcon_core.package_identification:_identify(src/path_fllwng) by extension 'ignore_ament_install'
[0.336s] Level 1:colcon.colcon_core.package_identification:_identify(src/path_fllwng) by extensions ['colcon_pkg']
[0.337s] Level 1:colcon.colcon_core.package_identification:_identify(src/path_fllwng) by extension 'colcon_pkg'
[0.337s] Level 1:colcon.colcon_core.package_identification:_identify(src/path_fllwng) by extensions ['colcon_meta']
[0.337s] Level 1:colcon.colcon_core.package_identification:_identify(src/path_fllwng) by extension 'colcon_meta'
[0.337s] Level 1:colcon.colcon_core.package_identification:_identify(src/path_fllwng) by extensions ['ros']
[0.337s] Level 1:colcon.colcon_core.package_identification:_identify(src/path_fllwng) by extension 'ros'
[0.338s] DEBUG:colcon.colcon_core.package_identification:Package 'src/path_fllwng' with type 'ros.ament_python' and name 'path_fllwng'
[0.338s] Level 1:colcon.colcon_core.package_discovery:discover_packages(recursive) using defaults
[0.338s] Level 1:colcon.colcon_core.package_discovery:discover_packages(ignore) discover
[0.338s] Level 1:colcon.colcon_core.package_discovery:discover_packages(ignore) using defaults
[0.338s] Level 1:colcon.colcon_core.package_discovery:discover_packages(path) discover
[0.338s] Level 1:colcon.colcon_core.package_discovery:discover_packages(path) using defaults
[0.532s] INFO:colcon.colcon_core.package_selection:Skipping not selected package 'gate_dtctn' in 'src/gate_dtctn'
[0.532s] INFO:colcon.colcon_core.package_selection:Skipping not selected package 'gazebo_sim' in 'src/gazebo_sim'
[0.532s] INFO:colcon.colcon_core.package_selection:Skipping not selected package 'path_fllwng' in 'src/path_fllwng'
[0.533s] Level 5:colcon.colcon_core.verb:set package 'adf_sil' build argument 'cmake_args' from command line to 'None'
[0.533s] Level 5:colcon.colcon_core.verb:set package 'adf_sil' build argument 'cmake_target' from command line to 'None'
[0.533s] Level 5:colcon.colcon_core.verb:set package 'adf_sil' build argument 'cmake_target_skip_unavailable' from command line to 'False'
[0.533s] Level 5:colcon.colcon_core.verb:set package 'adf_sil' build argument 'cmake_clean_cache' from command line to 'False'
[0.533s] Level 5:colcon.colcon_core.verb:set package 'adf_sil' build argument 'cmake_clean_first' from command line to 'False'
[0.533s] Level 5:colcon.colcon_core.verb:set package 'adf_sil' build argument 'cmake_force_configure' from command line to 'False'
[0.533s] Level 5:colcon.colcon_core.verb:set package 'adf_sil' build argument 'ament_cmake_args' from command line to 'None'
[0.534s] Level 5:colcon.colcon_core.verb:set package 'adf_sil' build argument 'catkin_cmake_args' from command line to 'None'
[0.534s] Level 5:colcon.colcon_core.verb:set package 'adf_sil' build argument 'catkin_skip_building_tests' from command line to 'False'
[0.534s] DEBUG:colcon.colcon_core.verb:Building package 'adf_sil' with the following arguments: {'ament_cmake_args': None, 'build_base': '/home/movax/adr_ws/build/adf_sil', 'catkin_cmake_args': None, 'catkin_skip_building_tests': False, 'cmake_args': None, 'cmake_clean_cache': False, 'cmake_clean_first': False, 'cmake_force_configure': False, 'cmake_target': None, 'cmake_target_skip_unavailable': False, 'install_base': '/home/movax/adr_ws/install/adf_sil', 'merge_install': False, 'path': '/home/movax/adr_ws/src/adf_sil', 'symlink_install': True, 'test_result_base': None}
[0.716s] WARNING:colcon.colcon_core.verb:Some selected packages are already built in one or more underlay workspaces:
	'adf_sil' is in: /home/movax/adr_ws/install/adf_sil
If a package in a merged underlay workspace is overridden and it installs headers, then all packages in the overlay must sort their include directories by workspace order. Failure to do so may result in build failures or undefined behavior at run time.
If the overridden package is used by another package in any underlay, then the overriding package in the overlay must be API and ABI compatible or undefined behavior at run time may occur.

If you understand the risks and want to override a package anyways, add the following to the command line:
	--allow-overriding adf_sil

This may be promoted to an error in a future release of colcon-core.
[0.718s] INFO:colcon.colcon_core.executor:Executing jobs using 'parallel' executor
[0.726s] DEBUG:colcon.colcon_parallel_executor.executor.parallel:run_until_complete
[0.727s] INFO:colcon.colcon_ros.task.ament_cmake.build:Building ROS package in '/home/movax/adr_ws/src/adf_sil' with build type 'ament_cmake'
[0.728s] INFO:colcon.colcon_cmake.task.cmake.build:Building CMake package in '/home/movax/adr_ws/src/adf_sil'
[0.864s] INFO:colcon.colcon_core.plugin_system:Skipping extension 'colcon_core.shell.bat': Not used on non-Windows systems
[0.864s] INFO:colcon.colcon_core.shell:Skip shell extension 'powershell' for command environment: Not usable outside of PowerShell
[0.865s] DEBUG:colcon.colcon_core.shell:Skip shell extension 'dsv' for command environment
[1.037s] DEBUG:colcon.colcon_core.event_handler.log_command:Invoking command in '/home/movax/adr_ws/build/adf_sil': AMENT_PREFIX_PATH=/home/movax/adr_ws/install/path_fllwng:/home/movax/adr_ws/install/adf_sil:/home/movax/adr_ws/install/gazebo_sim:/home/movax/adr_ws/install/gate_dtctn:/home/movax/ros2_ws/install/my_robot_bringup:/home/movax/ros2_ws/install/my_py_pkg:/home/movax/ros2_ws/install/my_cpp_pkg:/home/movax/ros2_ws/install/my_robot_interfaces:/home/movax/ros2_ws/install/gate_cv:/home/movax/ros2_ws/install/flight_mission:/home/movax/ros2_ws/install/cv_basics:/home/movax/drone_ws/install/mavros_extras:/home/movax/drone_ws/install/mavros:/home/movax/drone_ws/install/libmavconn:/home/movax/drone_ws/install/bboxes_ex_msgs:/home/movax/gzb_ws/install/vision_opencv:/home/movax/gzb_ws/install/opencv_tests:/home/movax/gzb_ws/install/image_common:/home/movax/gzb_ws/install/gazebo_ros_pkgs:/home/movax/gzb_ws/install/gazebo_plugins:/home/movax/gzb_ws/install/image_transport:/home/movax/gzb_ws/install/image_geometry:/home/movax/gzb_ws/install/gazebo_ros:/home/movax/gzb_ws/install/gazebo_msgs:/home/movax/gzb_ws/install/gazebo_dev:/home/movax/gzb_ws/install/cv_bridge:/home/movax/gzb_ws/install/camera_info_manager:/home/movax/gzb_ws/install/camera_calibration_parsers:/opt/ros/foxy CMAKE_PREFIX_PATH=/home/movax/adr_ws/install/gate_dtctn:/home/movax/adr_ws/install/adf_sil:/home/movax/ros2_ws/install/my_robot_bringup:/home/movax/ros2_ws/install/my_cpp_pkg:/home/movax/ros2_ws/install/my_robot_interfaces:/home/movax/ros2_ws/install/gate_cv:/home/movax/drone_ws/install/mavros_extras:/home/movax/drone_ws/install/mavros:/home/movax/drone_ws/install/mavros_msgs:/home/movax/drone_ws/install/libmavconn:/home/movax/drone_ws/install/mavlink:/home/movax/drone_ws/install/bboxes_ex_msgs:/home/movax/gzb_ws/install/vision_opencv:/home/movax/gzb_ws/install/image_common:/home/movax/gzb_ws/install/gazebo_ros_pkgs:/home/movax/gzb_ws/install/gazebo_plugins:/home/movax/gzb_ws/install/image_transport:/home/movax/gzb_ws/install/image_geometry:/home/movax/gzb_ws/install/gazebo_ros:/home/movax/gzb_ws/install/gazebo_msgs:/home/movax/gzb_ws/install/gazebo_dev:/home/movax/gzb_ws/install/cv_bridge:/home/movax/gzb_ws/install/camera_info_manager:/home/movax/gzb_ws/install/camera_calibration_parsers:/home/movax/adr_ws/install/path_fllwng:/home/movax/adr_ws/install/gazebo_sim:/home/movax/ros2_ws/install/my_py_pkg:/home/movax/ros2_ws/install/flight_mission:/home/movax/ros2_ws/install/cv_basics:/home/movax/gzb_ws/install/opencv_tests:/opt/ros/foxy /usr/bin/cmake /home/movax/adr_ws/src/adf_sil -DAMENT_CMAKE_SYMLINK_INSTALL=1 -DCMAKE_INSTALL_PREFIX=/home/movax/adr_ws/install/adf_sil
[3.377s] DEBUG:colcon.colcon_core.event_handler.log_command:Invoked command in '/home/movax/adr_ws/build/adf_sil' returned '0': AMENT_PREFIX_PATH=/home/movax/adr_ws/install/path_fllwng:/home/movax/adr_ws/install/adf_sil:/home/movax/adr_ws/install/gazebo_sim:/home/movax/adr_ws/install/gate_dtctn:/home/movax/ros2_ws/install/my_robot_bringup:/home/movax/ros2_ws/install/my_py_pkg:/home/movax/ros2_ws/install/my_cpp_pkg:/home/movax/ros2_ws/install/my_robot_interfaces:/home/movax/ros2_ws/install/gate_cv:/home/movax/ros2_ws/install/flight_mission:/home/movax/ros2_ws/install/cv_basics:/home/movax/drone_ws/install/mavros_extras:/home/movax/drone_ws/install/mavros:/home/movax/drone_ws/install/libmavconn:/home/movax/drone_ws/install/bboxes_ex_msgs:/home/movax/gzb_ws/install/vision_opencv:/home/movax/gzb_ws/install/opencv_tests:/home/movax/gzb_ws/install/image_common:/home/movax/gzb_ws/install/gazebo_ros_pkgs:/home/movax/gzb_ws/install/gazebo_plugins:/home/movax/gzb_ws/install/image_transport:/home/movax/gzb_ws/install/image_geometry:/home/movax/gzb_ws/install/gazebo_ros:/home/movax/gzb_ws/install/gazebo_msgs:/home/movax/gzb_ws/install/gazebo_dev:/home/movax/gzb_ws/install/cv_bridge:/home/movax/gzb_ws/install/camera_info_manager:/home/movax/gzb_ws/install/camera_calibration_parsers:/opt/ros/foxy CMAKE_PREFIX_PATH=/home/movax/adr_ws/install/gate_dtctn:/home/movax/adr_ws/install/adf_sil:/home/movax/ros2_ws/install/my_robot_bringup:/home/movax/ros2_ws/install/my_cpp_pkg:/home/movax/ros2_ws/install/my_robot_interfaces:/home/movax/ros2_ws/install/gate_cv:/home/movax/drone_ws/install/mavros_extras:/home/movax/drone_ws/install/mavros:/home/movax/drone_ws/install/mavros_msgs:/home/movax/drone_ws/install/libmavconn:/home/movax/drone_ws/install/mavlink:/home/movax/drone_ws/install/bboxes_ex_msgs:/home/movax/gzb_ws/install/vision_opencv:/home/movax/gzb_ws/install/image_common:/home/movax/gzb_ws/install/gazebo_ros_pkgs:/home/movax/gzb_ws/install/gazebo_plugins:/home/movax/gzb_ws/install/image_transport:/home/movax/gzb_ws/install/image_geometry:/home/movax/gzb_ws/install/gazebo_ros:/home/movax/gzb_ws/install/gazebo_msgs:/home/movax/gzb_ws/install/gazebo_dev:/home/movax/gzb_ws/install/cv_bridge:/home/movax/gzb_ws/install/camera_info_manager:/home/movax/gzb_ws/install/camera_calibration_parsers:/home/movax/adr_ws/install/path_fllwng:/home/movax/adr_ws/install/gazebo_sim:/home/movax/ros2_ws/install/my_py_pkg:/home/movax/ros2_ws/install/flight_mission:/home/movax/ros2_ws/install/cv_basics:/home/movax/gzb_ws/install/opencv_tests:/opt/ros/foxy /usr/bin/cmake /home/movax/adr_ws/src/adf_sil -DAMENT_CMAKE_SYMLINK_INSTALL=1 -DCMAKE_INSTALL_PREFIX=/home/movax/adr_ws/install/adf_sil
[3.390s] DEBUG:colcon.colcon_core.event_handler.log_command:Invoking command in '/home/movax/adr_ws/build/adf_sil': AMENT_PREFIX_PATH=/home/movax/adr_ws/install/path_fllwng:/home/movax/adr_ws/install/adf_sil:/home/movax/adr_ws/install/gazebo_sim:/home/movax/adr_ws/install/gate_dtctn:/home/movax/ros2_ws/install/my_robot_bringup:/home/movax/ros2_ws/install/my_py_pkg:/home/movax/ros2_ws/install/my_cpp_pkg:/home/movax/ros2_ws/install/my_robot_interfaces:/home/movax/ros2_ws/install/gate_cv:/home/movax/ros2_ws/install/flight_mission:/home/movax/ros2_ws/install/cv_basics:/home/movax/drone_ws/install/mavros_extras:/home/movax/drone_ws/install/mavros:/home/movax/drone_ws/install/libmavconn:/home/movax/drone_ws/install/bboxes_ex_msgs:/home/movax/gzb_ws/install/vision_opencv:/home/movax/gzb_ws/install/opencv_tests:/home/movax/gzb_ws/install/image_common:/home/movax/gzb_ws/install/gazebo_ros_pkgs:/home/movax/gzb_ws/install/gazebo_plugins:/home/movax/gzb_ws/install/image_transport:/home/movax/gzb_ws/install/image_geometry:/home/movax/gzb_ws/install/gazebo_ros:/home/movax/gzb_ws/install/gazebo_msgs:/home/movax/gzb_ws/install/gazebo_dev:/home/movax/gzb_ws/install/cv_bridge:/home/movax/gzb_ws/install/camera_info_manager:/home/movax/gzb_ws/install/camera_calibration_parsers:/opt/ros/foxy CMAKE_PREFIX_PATH=/home/movax/adr_ws/install/gate_dtctn:/home/movax/adr_ws/install/adf_sil:/home/movax/ros2_ws/install/my_robot_bringup:/home/movax/ros2_ws/install/my_cpp_pkg:/home/movax/ros2_ws/install/my_robot_interfaces:/home/movax/ros2_ws/install/gate_cv:/home/movax/drone_ws/install/mavros_extras:/home/movax/drone_ws/install/mavros:/home/movax/drone_ws/install/mavros_msgs:/home/movax/drone_ws/install/libmavconn:/home/movax/drone_ws/install/mavlink:/home/movax/drone_ws/install/bboxes_ex_msgs:/home/movax/gzb_ws/install/vision_opencv:/home/movax/gzb_ws/install/image_common:/home/movax/gzb_ws/install/gazebo_ros_pkgs:/home/movax/gzb_ws/install/gazebo_plugins:/home/movax/gzb_ws/install/image_transport:/home/movax/gzb_ws/install/image_geometry:/home/movax/gzb_ws/install/gazebo_ros:/home/movax/gzb_ws/install/gazebo_msgs:/home/movax/gzb_ws/install/gazebo_dev:/home/movax/gzb_ws/install/cv_bridge:/home/movax/gzb_ws/install/camera_info_manager:/home/movax/gzb_ws/install/camera_calibration_parsers:/home/movax/adr_ws/install/path_fllwng:/home/movax/adr_ws/install/gazebo_sim:/home/movax/ros2_ws/install/my_py_pkg:/home/movax/ros2_ws/install/flight_mission:/home/movax/ros2_ws/install/cv_basics:/home/movax/gzb_ws/install/opencv_tests:/opt/ros/foxy /usr/bin/cmake --build /home/movax/adr_ws/build/adf_sil -- -j4 -l4
[3.497s] DEBUG:colcon.colcon_core.event_handler.log_command:Invoked command in '/home/movax/adr_ws/build/adf_sil' returned '0': AMENT_PREFIX_PATH=/home/movax/adr_ws/install/path_fllwng:/home/movax/adr_ws/install/adf_sil:/home/movax/adr_ws/install/gazebo_sim:/home/movax/adr_ws/install/gate_dtctn:/home/movax/ros2_ws/install/my_robot_bringup:/home/movax/ros2_ws/install/my_py_pkg:/home/movax/ros2_ws/install/my_cpp_pkg:/home/movax/ros2_ws/install/my_robot_interfaces:/home/movax/ros2_ws/install/gate_cv:/home/movax/ros2_ws/install/flight_mission:/home/movax/ros2_ws/install/cv_basics:/home/movax/drone_ws/install/mavros_extras:/home/movax/drone_ws/install/mavros:/home/movax/drone_ws/install/libmavconn:/home/movax/drone_ws/install/bboxes_ex_msgs:/home/movax/gzb_ws/install/vision_opencv:/home/movax/gzb_ws/install/opencv_tests:/home/movax/gzb_ws/install/image_common:/home/movax/gzb_ws/install/gazebo_ros_pkgs:/home/movax/gzb_ws/install/gazebo_plugins:/home/movax/gzb_ws/install/image_transport:/home/movax/gzb_ws/install/image_geometry:/home/movax/gzb_ws/install/gazebo_ros:/home/movax/gzb_ws/install/gazebo_msgs:/home/movax/gzb_ws/install/gazebo_dev:/home/movax/gzb_ws/install/cv_bridge:/home/movax/gzb_ws/install/camera_info_manager:/home/movax/gzb_ws/install/camera_calibration_parsers:/opt/ros/foxy CMAKE_PREFIX_PATH=/home/movax/adr_ws/install/gate_dtctn:/home/movax/adr_ws/install/adf_sil:/home/movax/ros2_ws/install/my_robot_bringup:/home/movax/ros2_ws/install/my_cpp_pkg:/home/movax/ros2_ws/install/my_robot_interfaces:/home/movax/ros2_ws/install/gate_cv:/home/movax/drone_ws/install/mavros_extras:/home/movax/drone_ws/install/mavros:/home/movax/drone_ws/install/mavros_msgs:/home/movax/drone_ws/install/libmavconn:/home/movax/drone_ws/install/mavlink:/home/movax/drone_ws/install/bboxes_ex_msgs:/home/movax/gzb_ws/install/vision_opencv:/home/movax/gzb_ws/install/image_common:/home/movax/gzb_ws/install/gazebo_ros_pkgs:/home/movax/gzb_ws/install/gazebo_plugins:/home/movax/gzb_ws/install/image_transport:/home/movax/gzb_ws/install/image_geometry:/home/movax/gzb_ws/install/gazebo_ros:/home/movax/gzb_ws/install/gazebo_msgs:/home/movax/gzb_ws/install/gazebo_dev:/home/movax/gzb_ws/install/cv_bridge:/home/movax/gzb_ws/install/camera_info_manager:/home/movax/gzb_ws/install/camera_calibration_parsers:/home/movax/adr_ws/install/path_fllwng:/home/movax/adr_ws/install/gazebo_sim:/home/movax/ros2_ws/install/my_py_pkg:/home/movax/ros2_ws/install/flight_mission:/home/movax/ros2_ws/install/cv_basics:/home/movax/gzb_ws/install/opencv_tests:/opt/ros/foxy /usr/bin/cmake --build /home/movax/adr_ws/build/adf_sil -- -j4 -l4
[3.552s] DEBUG:colcon.colcon_core.event_handler.log_command:Invoking command in '/home/movax/adr_ws/build/adf_sil': AMENT_PREFIX_PATH=/home/movax/adr_ws/install/path_fllwng:/home/movax/adr_ws/install/adf_sil:/home/movax/adr_ws/install/gazebo_sim:/home/movax/adr_ws/install/gate_dtctn:/home/movax/ros2_ws/install/my_robot_bringup:/home/movax/ros2_ws/install/my_py_pkg:/home/movax/ros2_ws/install/my_cpp_pkg:/home/movax/ros2_ws/install/my_robot_interfaces:/home/movax/ros2_ws/install/gate_cv:/home/movax/ros2_ws/install/flight_mission:/home/movax/ros2_ws/install/cv_basics:/home/movax/drone_ws/install/mavros_extras:/home/movax/drone_ws/install/mavros:/home/movax/drone_ws/install/libmavconn:/home/movax/drone_ws/install/bboxes_ex_msgs:/home/movax/gzb_ws/install/vision_opencv:/home/movax/gzb_ws/install/opencv_tests:/home/movax/gzb_ws/install/image_common:/home/movax/gzb_ws/install/gazebo_ros_pkgs:/home/movax/gzb_ws/install/gazebo_plugins:/home/movax/gzb_ws/install/image_transport:/home/movax/gzb_ws/install/image_geometry:/home/movax/gzb_ws/install/gazebo_ros:/home/movax/gzb_ws/install/gazebo_msgs:/home/movax/gzb_ws/install/gazebo_dev:/home/movax/gzb_ws/install/cv_bridge:/home/movax/gzb_ws/install/camera_info_manager:/home/movax/gzb_ws/install/camera_calibration_parsers:/opt/ros/foxy CMAKE_PREFIX_PATH=/home/movax/adr_ws/install/gate_dtctn:/home/movax/adr_ws/install/adf_sil:/home/movax/ros2_ws/install/my_robot_bringup:/home/movax/ros2_ws/install/my_cpp_pkg:/home/movax/ros2_ws/install/my_robot_interfaces:/home/movax/ros2_ws/install/gate_cv:/home/movax/drone_ws/install/mavros_extras:/home/movax/drone_ws/install/mavros:/home/movax/drone_ws/install/mavros_msgs:/home/movax/drone_ws/install/libmavconn:/home/movax/drone_ws/install/mavlink:/home/movax/drone_ws/install/bboxes_ex_msgs:/home/movax/gzb_ws/install/vision_opencv:/home/movax/gzb_ws/install/image_common:/home/movax/gzb_ws/install/gazebo_ros_pkgs:/home/movax/gzb_ws/install/gazebo_plugins:/home/movax/gzb_ws/install/image_transport:/home/movax/gzb_ws/install/image_geometry:/home/movax/gzb_ws/install/gazebo_ros:/home/movax/gzb_ws/install/gazebo_msgs:/home/movax/gzb_ws/install/gazebo_dev:/home/movax/gzb_ws/install/cv_bridge:/home/movax/gzb_ws/install/camera_info_manager:/home/movax/gzb_ws/install/camera_calibration_parsers:/home/movax/adr_ws/install/path_fllwng:/home/movax/adr_ws/install/gazebo_sim:/home/movax/ros2_ws/install/my_py_pkg:/home/movax/ros2_ws/install/flight_mission:/home/movax/ros2_ws/install/cv_basics:/home/movax/gzb_ws/install/opencv_tests:/opt/ros/foxy /usr/bin/cmake --install /home/movax/adr_ws/build/adf_sil
[3.634s] Level 1:colcon.colcon_core.environment:create_environment_scripts_only(adf_sil)
[3.635s] DEBUG:colcon.colcon_core.event_handler.log_command:Invoked command in '/home/movax/adr_ws/build/adf_sil' returned '0': AMENT_PREFIX_PATH=/home/movax/adr_ws/install/path_fllwng:/home/movax/adr_ws/install/adf_sil:/home/movax/adr_ws/install/gazebo_sim:/home/movax/adr_ws/install/gate_dtctn:/home/movax/ros2_ws/install/my_robot_bringup:/home/movax/ros2_ws/install/my_py_pkg:/home/movax/ros2_ws/install/my_cpp_pkg:/home/movax/ros2_ws/install/my_robot_interfaces:/home/movax/ros2_ws/install/gate_cv:/home/movax/ros2_ws/install/flight_mission:/home/movax/ros2_ws/install/cv_basics:/home/movax/drone_ws/install/mavros_extras:/home/movax/drone_ws/install/mavros:/home/movax/drone_ws/install/libmavconn:/home/movax/drone_ws/install/bboxes_ex_msgs:/home/movax/gzb_ws/install/vision_opencv:/home/movax/gzb_ws/install/opencv_tests:/home/movax/gzb_ws/install/image_common:/home/movax/gzb_ws/install/gazebo_ros_pkgs:/home/movax/gzb_ws/install/gazebo_plugins:/home/movax/gzb_ws/install/image_transport:/home/movax/gzb_ws/install/image_geometry:/home/movax/gzb_ws/install/gazebo_ros:/home/movax/gzb_ws/install/gazebo_msgs:/home/movax/gzb_ws/install/gazebo_dev:/home/movax/gzb_ws/install/cv_bridge:/home/movax/gzb_ws/install/camera_info_manager:/home/movax/gzb_ws/install/camera_calibration_parsers:/opt/ros/foxy CMAKE_PREFIX_PATH=/home/movax/adr_ws/install/gate_dtctn:/home/movax/adr_ws/install/adf_sil:/home/movax/ros2_ws/install/my_robot_bringup:/home/movax/ros2_ws/install/my_cpp_pkg:/home/movax/ros2_ws/install/my_robot_interfaces:/home/movax/ros2_ws/install/gate_cv:/home/movax/drone_ws/install/mavros_extras:/home/movax/drone_ws/install/mavros:/home/movax/drone_ws/install/mavros_msgs:/home/movax/drone_ws/install/libmavconn:/home/movax/drone_ws/install/mavlink:/home/movax/drone_ws/install/bboxes_ex_msgs:/home/movax/gzb_ws/install/vision_opencv:/home/movax/gzb_ws/install/image_common:/home/movax/gzb_ws/install/gazebo_ros_pkgs:/home/movax/gzb_ws/install/gazebo_plugins:/home/movax/gzb_ws/install/image_transport:/home/movax/gzb_ws/install/image_geometry:/home/movax/gzb_ws/install/gazebo_ros:/home/movax/gzb_ws/install/gazebo_msgs:/home/movax/gzb_ws/install/gazebo_dev:/home/movax/gzb_ws/install/cv_bridge:/home/movax/gzb_ws/install/camera_info_manager:/home/movax/gzb_ws/install/camera_calibration_parsers:/home/movax/adr_ws/install/path_fllwng:/home/movax/adr_ws/install/gazebo_sim:/home/movax/ros2_ws/install/my_py_pkg:/home/movax/ros2_ws/install/flight_mission:/home/movax/ros2_ws/install/cv_basics:/home/movax/gzb_ws/install/opencv_tests:/opt/ros/foxy /usr/bin/cmake --install /home/movax/adr_ws/build/adf_sil
[3.799s] Level 1:colcon.colcon_core.environment:checking '/home/movax/adr_ws/install/adf_sil' for CMake module files
[3.803s] Level 1:colcon.colcon_core.environment:checking '/home/movax/adr_ws/install/adf_sil' for CMake config files
[3.804s] Level 1:colcon.colcon_core.shell:create_environment_hook('adf_sil', 'cmake_prefix_path')
[3.806s] INFO:colcon.colcon_core.shell:Creating environment hook '/home/movax/adr_ws/install/adf_sil/share/adf_sil/hook/cmake_prefix_path.ps1'
[3.843s] INFO:colcon.colcon_core.shell:Creating environment descriptor '/home/movax/adr_ws/install/adf_sil/share/adf_sil/hook/cmake_prefix_path.dsv'
[3.870s] INFO:colcon.colcon_core.shell:Creating environment hook '/home/movax/adr_ws/install/adf_sil/share/adf_sil/hook/cmake_prefix_path.sh'
[3.875s] Level 1:colcon.colcon_core.environment:checking '/home/movax/adr_ws/install/adf_sil/bin'
[3.875s] Level 1:colcon.colcon_core.environment:checking '/home/movax/adr_ws/install/adf_sil/lib/pkgconfig/adf_sil.pc'
[3.876s] Level 1:colcon.colcon_core.environment:checking '/home/movax/adr_ws/install/adf_sil/lib/python3.8/site-packages'
[3.879s] INFO:colcon.colcon_core.shell:Creating package script '/home/movax/adr_ws/install/adf_sil/share/adf_sil/package.ps1'
[3.883s] INFO:colcon.colcon_core.shell:Creating package descriptor '/home/movax/adr_ws/install/adf_sil/share/adf_sil/package.dsv'
[3.886s] INFO:colcon.colcon_core.shell:Creating package script '/home/movax/adr_ws/install/adf_sil/share/adf_sil/package.sh'
[3.889s] INFO:colcon.colcon_core.shell:Creating package script '/home/movax/adr_ws/install/adf_sil/share/adf_sil/package.bash'
[3.925s] INFO:colcon.colcon_core.shell:Creating package script '/home/movax/adr_ws/install/adf_sil/share/adf_sil/package.zsh'
[3.958s] Level 1:colcon.colcon_core.environment:create_file_with_runtime_dependencies(/home/movax/adr_ws/install/adf_sil/share/colcon-core/packages/adf_sil)
[4.021s] Level 1:colcon.colcon_core.environment:create_environment_scripts_only(adf_sil)
[4.023s] Level 1:colcon.colcon_core.environment:checking '/home/movax/adr_ws/install/adf_sil' for CMake module files
[4.023s] Level 1:colcon.colcon_core.environment:checking '/home/movax/adr_ws/install/adf_sil' for CMake config files
[4.024s] Level 1:colcon.colcon_core.shell:create_environment_hook('adf_sil', 'cmake_prefix_path')
[4.024s] INFO:colcon.colcon_core.shell:Creating environment hook '/home/movax/adr_ws/install/adf_sil/share/adf_sil/hook/cmake_prefix_path.ps1'
[4.025s] INFO:colcon.colcon_core.shell:Creating environment descriptor '/home/movax/adr_ws/install/adf_sil/share/adf_sil/hook/cmake_prefix_path.dsv'
[4.025s] INFO:colcon.colcon_core.shell:Creating environment hook '/home/movax/adr_ws/install/adf_sil/share/adf_sil/hook/cmake_prefix_path.sh'
[4.026s] Level 1:colcon.colcon_core.environment:checking '/home/movax/adr_ws/install/adf_sil/bin'
[4.026s] Level 1:colcon.colcon_core.environment:checking '/home/movax/adr_ws/install/adf_sil/lib/pkgconfig/adf_sil.pc'
[4.026s] Level 1:colcon.colcon_core.environment:checking '/home/movax/adr_ws/install/adf_sil/lib/python3.8/site-packages'
[4.027s] INFO:colcon.colcon_core.shell:Creating package script '/home/movax/adr_ws/install/adf_sil/share/adf_sil/package.ps1'
[4.029s] INFO:colcon.colcon_core.shell:Creating package descriptor '/home/movax/adr_ws/install/adf_sil/share/adf_sil/package.dsv'
[4.029s] INFO:colcon.colcon_core.shell:Creating package script '/home/movax/adr_ws/install/adf_sil/share/adf_sil/package.sh'
[4.030s] INFO:colcon.colcon_core.shell:Creating package script '/home/movax/adr_ws/install/adf_sil/share/adf_sil/package.bash'
[4.030s] INFO:colcon.colcon_core.shell:Creating package script '/home/movax/adr_ws/install/adf_sil/share/adf_sil/package.zsh'
[4.031s] Level 1:colcon.colcon_core.environment:create_file_with_runtime_dependencies(/home/movax/adr_ws/install/adf_sil/share/colcon-core/packages/adf_sil)
[4.031s] DEBUG:colcon.colcon_parallel_executor.executor.parallel:closing loop
[4.032s] DEBUG:colcon.colcon_parallel_executor.executor.parallel:loop closed
[4.032s] DEBUG:colcon.colcon_parallel_executor.executor.parallel:run_until_complete finished with '0'
[4.032s] DEBUG:colcon.colcon_core.event_reactor:joining thread
[4.110s] INFO:colcon.colcon_core.plugin_system:Skipping extension 'colcon_notification.desktop_notification.terminal_notifier': Not used on non-Darwin systems
[4.110s] INFO:colcon.colcon_core.plugin_system:Skipping extension 'colcon_notification.desktop_notification.win32': Not used on non-Windows systems
[4.111s] INFO:colcon.colcon_notification.desktop_notification:Sending desktop notification using 'notify2'
[4.182s] DEBUG:colcon.colcon_core.event_reactor:joined thread
[4.186s] INFO:colcon.colcon_core.shell:Creating prefix script '/home/movax/adr_ws/install/local_setup.ps1'
[4.203s] INFO:colcon.colcon_core.shell:Creating prefix util module '/home/movax/adr_ws/install/_local_setup_util_ps1.py'
[4.243s] INFO:colcon.colcon_core.shell:Creating prefix chain script '/home/movax/adr_ws/install/setup.ps1'
[4.254s] INFO:colcon.colcon_core.shell:Creating prefix script '/home/movax/adr_ws/install/local_setup.sh'
[4.273s] INFO:colcon.colcon_core.shell:Creating prefix util module '/home/movax/adr_ws/install/_local_setup_util_sh.py'
[4.276s] INFO:colcon.colcon_core.shell:Creating prefix chain script '/home/movax/adr_ws/install/setup.sh'
[4.286s] INFO:colcon.colcon_core.shell:Creating prefix script '/home/movax/adr_ws/install/local_setup.bash'
[4.314s] INFO:colcon.colcon_core.shell:Creating prefix chain script '/home/movax/adr_ws/install/setup.bash'
[4.323s] INFO:colcon.colcon_core.shell:Creating prefix script '/home/movax/adr_ws/install/local_setup.zsh'
[4.347s] INFO:colcon.colcon_core.shell:Creating prefix chain script '/home/movax/adr_ws/install/setup.zsh'
