-- The C compiler identification is GNU 9.3.0
-- The CXX compiler identification is GNU 9.3.0
-- Check for working C compiler: /usr/lib/ccache/cc
-- Check for working C compiler: /usr/lib/ccache/cc -- works
-- Detecting C compiler ABI info
-- Detecting C compiler ABI info - done
-- Detecting C compile features
-- Detecting C compile features - done
-- Check for working CXX compiler: /usr/lib/ccache/c++
-- Check for working CXX compiler: /usr/lib/ccache/c++ -- works
-- Detecting CXX compiler ABI info
-- Detecting CXX compiler ABI info - done
-- Detecting CXX compile features
-- Detecting CXX compile features - done
-- Found ament_cmake: 0.9.9 (/opt/ros/foxy/share/ament_cmake/cmake)
-- Found PythonInterp: /usr/bin/python3 (found suitable version "3.8.10", minimum required is "3") 
-- Using PYTHON_EXECUTABLE: /usr/bin/python3
-- Configuring done
-- Generating done
-- Build files have been written to: /home/movax/adr_ws/build/adf_sil
-- Install configuration: ""
-- Up-to-date: /home/movax/adr_ws/install/adf_sil/share/adf_sil/launch
-- Installing: /home/movax/adr_ws/install/adf_sil/share/adf_sil/launch/sil.launch.py
-- Installing: /home/movax/adr_ws/install/adf_sil/share/adf_sil/package.dsv
-- Installing: /home/movax/adr_ws/install/adf_sil/share/adf_sil/package.xml
