running egg_info
creating ../../build/path_fllwng/path_fllwng.egg-info
writing ../../build/path_fllwng/path_fllwng.egg-info/PKG-INFO
writing dependency_links to ../../build/path_fllwng/path_fllwng.egg-info/dependency_links.txt
writing entry points to ../../build/path_fllwng/path_fllwng.egg-info/entry_points.txt
writing requirements to ../../build/path_fllwng/path_fllwng.egg-info/requires.txt
writing top-level names to ../../build/path_fllwng/path_fllwng.egg-info/top_level.txt
writing manifest file '../../build/path_fllwng/path_fllwng.egg-info/SOURCES.txt'
reading manifest file '../../build/path_fllwng/path_fllwng.egg-info/SOURCES.txt'
writing manifest file '../../build/path_fllwng/path_fllwng.egg-info/SOURCES.txt'
running build
running build_py
creating /home/movax/adr_ws/build/path_fllwng/build
creating /home/movax/adr_ws/build/path_fllwng/build/lib
creating /home/movax/adr_ws/build/path_fllwng/build/lib/path_fllwng
copying path_fllwng/__init__.py -> /home/movax/adr_ws/build/path_fllwng/build/lib/path_fllwng
running install
running install_lib
creating /home/movax/adr_ws/install/path_fllwng/lib/python3.8/site-packages/path_fllwng
copying /home/movax/adr_ws/build/path_fllwng/build/lib/path_fllwng/__init__.py -> /home/movax/adr_ws/install/path_fllwng/lib/python3.8/site-packages/path_fllwng
byte-compiling /home/movax/adr_ws/install/path_fllwng/lib/python3.8/site-packages/path_fllwng/__init__.py to __init__.cpython-38.pyc
running install_data
creating /home/movax/adr_ws/install/path_fllwng/share/ament_index
creating /home/movax/adr_ws/install/path_fllwng/share/ament_index/resource_index
creating /home/movax/adr_ws/install/path_fllwng/share/ament_index/resource_index/packages
copying resource/path_fllwng -> /home/movax/adr_ws/install/path_fllwng/share/ament_index/resource_index/packages
copying package.xml -> /home/movax/adr_ws/install/path_fllwng/share/path_fllwng
running install_egg_info
Copying ../../build/path_fllwng/path_fllwng.egg-info to /home/movax/adr_ws/install/path_fllwng/lib/python3.8/site-packages/path_fllwng-0.0.0-py3.8.egg-info
running install_scripts
writing list of installed files to '/home/movax/adr_ws/build/path_fllwng/install.log'
