[0.025s] Invoking command in '/home/movax/adr_ws/build/adf_sil': AMENT_PREFIX_PATH=/home/movax/adr_ws/install/path_fllwng:/home/movax/adr_ws/install/gate_dtctn:${AMENT_PREFIX_PATH} CMAKE_PREFIX_PATH=/home/movax/adr_ws/install/gate_dtctn:/home/movax/ros2_ws/install/my_cpp_pkg:/home/movax/ros2_ws/install/my_robot_interfaces:/home/movax/ros2_ws/install/my_robot_bringup:/home/movax/ros2_ws/install/gate_cv:/home/movax/ros2_ws/install/GateCV:/home/movax/drone_ws/install/mavros_extras:/home/movax/drone_ws/install/mavros:/home/movax/drone_ws/install/mavros_msgs:/home/movax/drone_ws/install/libmavconn:/home/movax/drone_ws/install/mavlink:/home/movax/drone_ws/install/bboxes_ex_msgs:/home/movax/gzb_ws/install/vision_opencv:/home/movax/gzb_ws/install/image_common:/home/movax/gzb_ws/install/gazebo_ros_pkgs:/home/movax/gzb_ws/install/gazebo_plugins:/home/movax/gzb_ws/install/image_transport:/home/movax/gzb_ws/install/image_geometry:/home/movax/gzb_ws/install/gazebo_ros:/home/movax/gzb_ws/install/gazebo_msgs:/home/movax/gzb_ws/install/gazebo_dev:/home/movax/gzb_ws/install/cv_bridge:/home/movax/gzb_ws/install/camera_info_manager:/home/movax/gzb_ws/install/camera_calibration_parsers:/home/movax/ros2_ws/install/pymav:/home/movax/ros2_ws/install/my_py_pkg:/home/movax/ros2_ws/install/cv_basics:/home/movax/gzb_ws/install/opencv_tests:/opt/ros/foxy PYTHONPATH=/home/movax/adr_ws/build/path_fllwng:/home/movax/adr_ws/install/path_fllwng/lib/python3.8/site-packages:${PYTHONPATH} /usr/bin/cmake /home/movax/adr_ws/adf_sil -DAMENT_CMAKE_SYMLINK_INSTALL=1 -DCMAKE_INSTALL_PREFIX=/home/movax/adr_ws/install/adf_sil
[0.121s] -- The C compiler identification is GNU 9.3.0
[0.209s] -- The CXX compiler identification is GNU 9.3.0
[0.218s] -- Check for working C compiler: /usr/lib/ccache/cc
[0.362s] -- Check for working C compiler: /usr/lib/ccache/cc -- works
[0.363s] -- Detecting C compiler ABI info
[0.455s] -- Detecting C compiler ABI info - done
[0.472s] -- Detecting C compile features
[0.473s] -- Detecting C compile features - done
[0.476s] -- Check for working CXX compiler: /usr/lib/ccache/c++
[0.614s] -- Check for working CXX compiler: /usr/lib/ccache/c++ -- works
[0.616s] -- Detecting CXX compiler ABI info
[0.720s] -- Detecting CXX compiler ABI info - done
[0.738s] -- Detecting CXX compile features
[0.739s] -- Detecting CXX compile features - done
[0.745s] -- Found ament_cmake: 0.9.9 (/opt/ros/foxy/share/ament_cmake/cmake)
[0.806s] -- Found PythonInterp: /usr/bin/python3 (found suitable version "3.8.10", minimum required is "3") 
[0.806s] -- Using PYTHON_EXECUTABLE: /usr/bin/python3
[1.138s] -- Override CMake install command with custom implementation using symlinks instead of copying resources
[1.379s] -- Configuring done
[1.381s] -- Generating done
[1.382s] -- Build files have been written to: /home/movax/adr_ws/build/adf_sil
[1.387s] Invoked command in '/home/movax/adr_ws/build/adf_sil' returned '0': AMENT_PREFIX_PATH=/home/movax/adr_ws/install/path_fllwng:/home/movax/adr_ws/install/gate_dtctn:${AMENT_PREFIX_PATH} CMAKE_PREFIX_PATH=/home/movax/adr_ws/install/gate_dtctn:/home/movax/ros2_ws/install/my_cpp_pkg:/home/movax/ros2_ws/install/my_robot_interfaces:/home/movax/ros2_ws/install/my_robot_bringup:/home/movax/ros2_ws/install/gate_cv:/home/movax/ros2_ws/install/GateCV:/home/movax/drone_ws/install/mavros_extras:/home/movax/drone_ws/install/mavros:/home/movax/drone_ws/install/mavros_msgs:/home/movax/drone_ws/install/libmavconn:/home/movax/drone_ws/install/mavlink:/home/movax/drone_ws/install/bboxes_ex_msgs:/home/movax/gzb_ws/install/vision_opencv:/home/movax/gzb_ws/install/image_common:/home/movax/gzb_ws/install/gazebo_ros_pkgs:/home/movax/gzb_ws/install/gazebo_plugins:/home/movax/gzb_ws/install/image_transport:/home/movax/gzb_ws/install/image_geometry:/home/movax/gzb_ws/install/gazebo_ros:/home/movax/gzb_ws/install/gazebo_msgs:/home/movax/gzb_ws/install/gazebo_dev:/home/movax/gzb_ws/install/cv_bridge:/home/movax/gzb_ws/install/camera_info_manager:/home/movax/gzb_ws/install/camera_calibration_parsers:/home/movax/ros2_ws/install/pymav:/home/movax/ros2_ws/install/my_py_pkg:/home/movax/ros2_ws/install/cv_basics:/home/movax/gzb_ws/install/opencv_tests:/opt/ros/foxy PYTHONPATH=/home/movax/adr_ws/build/path_fllwng:/home/movax/adr_ws/install/path_fllwng/lib/python3.8/site-packages:${PYTHONPATH} /usr/bin/cmake /home/movax/adr_ws/adf_sil -DAMENT_CMAKE_SYMLINK_INSTALL=1 -DCMAKE_INSTALL_PREFIX=/home/movax/adr_ws/install/adf_sil
[1.392s] Invoking command in '/home/movax/adr_ws/build/adf_sil': AMENT_PREFIX_PATH=/home/movax/adr_ws/install/path_fllwng:/home/movax/adr_ws/install/gate_dtctn:${AMENT_PREFIX_PATH} CMAKE_PREFIX_PATH=/home/movax/adr_ws/install/gate_dtctn:/home/movax/ros2_ws/install/my_cpp_pkg:/home/movax/ros2_ws/install/my_robot_interfaces:/home/movax/ros2_ws/install/my_robot_bringup:/home/movax/ros2_ws/install/gate_cv:/home/movax/ros2_ws/install/GateCV:/home/movax/drone_ws/install/mavros_extras:/home/movax/drone_ws/install/mavros:/home/movax/drone_ws/install/mavros_msgs:/home/movax/drone_ws/install/libmavconn:/home/movax/drone_ws/install/mavlink:/home/movax/drone_ws/install/bboxes_ex_msgs:/home/movax/gzb_ws/install/vision_opencv:/home/movax/gzb_ws/install/image_common:/home/movax/gzb_ws/install/gazebo_ros_pkgs:/home/movax/gzb_ws/install/gazebo_plugins:/home/movax/gzb_ws/install/image_transport:/home/movax/gzb_ws/install/image_geometry:/home/movax/gzb_ws/install/gazebo_ros:/home/movax/gzb_ws/install/gazebo_msgs:/home/movax/gzb_ws/install/gazebo_dev:/home/movax/gzb_ws/install/cv_bridge:/home/movax/gzb_ws/install/camera_info_manager:/home/movax/gzb_ws/install/camera_calibration_parsers:/home/movax/ros2_ws/install/pymav:/home/movax/ros2_ws/install/my_py_pkg:/home/movax/ros2_ws/install/cv_basics:/home/movax/gzb_ws/install/opencv_tests:/opt/ros/foxy PYTHONPATH=/home/movax/adr_ws/build/path_fllwng:/home/movax/adr_ws/install/path_fllwng/lib/python3.8/site-packages:${PYTHONPATH} /usr/bin/cmake --build /home/movax/adr_ws/build/adf_sil -- -j4 -l4
[1.460s] Invoked command in '/home/movax/adr_ws/build/adf_sil' returned '0': AMENT_PREFIX_PATH=/home/movax/adr_ws/install/path_fllwng:/home/movax/adr_ws/install/gate_dtctn:${AMENT_PREFIX_PATH} CMAKE_PREFIX_PATH=/home/movax/adr_ws/install/gate_dtctn:/home/movax/ros2_ws/install/my_cpp_pkg:/home/movax/ros2_ws/install/my_robot_interfaces:/home/movax/ros2_ws/install/my_robot_bringup:/home/movax/ros2_ws/install/gate_cv:/home/movax/ros2_ws/install/GateCV:/home/movax/drone_ws/install/mavros_extras:/home/movax/drone_ws/install/mavros:/home/movax/drone_ws/install/mavros_msgs:/home/movax/drone_ws/install/libmavconn:/home/movax/drone_ws/install/mavlink:/home/movax/drone_ws/install/bboxes_ex_msgs:/home/movax/gzb_ws/install/vision_opencv:/home/movax/gzb_ws/install/image_common:/home/movax/gzb_ws/install/gazebo_ros_pkgs:/home/movax/gzb_ws/install/gazebo_plugins:/home/movax/gzb_ws/install/image_transport:/home/movax/gzb_ws/install/image_geometry:/home/movax/gzb_ws/install/gazebo_ros:/home/movax/gzb_ws/install/gazebo_msgs:/home/movax/gzb_ws/install/gazebo_dev:/home/movax/gzb_ws/install/cv_bridge:/home/movax/gzb_ws/install/camera_info_manager:/home/movax/gzb_ws/install/camera_calibration_parsers:/home/movax/ros2_ws/install/pymav:/home/movax/ros2_ws/install/my_py_pkg:/home/movax/ros2_ws/install/cv_basics:/home/movax/gzb_ws/install/opencv_tests:/opt/ros/foxy PYTHONPATH=/home/movax/adr_ws/build/path_fllwng:/home/movax/adr_ws/install/path_fllwng/lib/python3.8/site-packages:${PYTHONPATH} /usr/bin/cmake --build /home/movax/adr_ws/build/adf_sil -- -j4 -l4
[1.520s] Invoking command in '/home/movax/adr_ws/build/adf_sil': AMENT_PREFIX_PATH=/home/movax/adr_ws/install/path_fllwng:/home/movax/adr_ws/install/gate_dtctn:${AMENT_PREFIX_PATH} CMAKE_PREFIX_PATH=/home/movax/adr_ws/install/gate_dtctn:/home/movax/ros2_ws/install/my_cpp_pkg:/home/movax/ros2_ws/install/my_robot_interfaces:/home/movax/ros2_ws/install/my_robot_bringup:/home/movax/ros2_ws/install/gate_cv:/home/movax/ros2_ws/install/GateCV:/home/movax/drone_ws/install/mavros_extras:/home/movax/drone_ws/install/mavros:/home/movax/drone_ws/install/mavros_msgs:/home/movax/drone_ws/install/libmavconn:/home/movax/drone_ws/install/mavlink:/home/movax/drone_ws/install/bboxes_ex_msgs:/home/movax/gzb_ws/install/vision_opencv:/home/movax/gzb_ws/install/image_common:/home/movax/gzb_ws/install/gazebo_ros_pkgs:/home/movax/gzb_ws/install/gazebo_plugins:/home/movax/gzb_ws/install/image_transport:/home/movax/gzb_ws/install/image_geometry:/home/movax/gzb_ws/install/gazebo_ros:/home/movax/gzb_ws/install/gazebo_msgs:/home/movax/gzb_ws/install/gazebo_dev:/home/movax/gzb_ws/install/cv_bridge:/home/movax/gzb_ws/install/camera_info_manager:/home/movax/gzb_ws/install/camera_calibration_parsers:/home/movax/ros2_ws/install/pymav:/home/movax/ros2_ws/install/my_py_pkg:/home/movax/ros2_ws/install/cv_basics:/home/movax/gzb_ws/install/opencv_tests:/opt/ros/foxy PYTHONPATH=/home/movax/adr_ws/build/path_fllwng:/home/movax/adr_ws/install/path_fllwng/lib/python3.8/site-packages:${PYTHONPATH} /usr/bin/cmake --install /home/movax/adr_ws/build/adf_sil
[1.535s] -- Install configuration: ""
[1.536s] -- Execute custom install script
[1.537s] -- Symlinking: /home/movax/adr_ws/install/adf_sil/share/adf_sil/launch/sil.launch.py
[1.553s] -- Symlinking: /home/movax/adr_ws/install/adf_sil/share/ament_index/resource_index/package_run_dependencies/adf_sil
[1.570s] -- Symlinking: /home/movax/adr_ws/install/adf_sil/share/ament_index/resource_index/parent_prefix_path/adf_sil
[1.586s] -- Symlinking: /home/movax/adr_ws/install/adf_sil/share/adf_sil/environment/ament_prefix_path.sh
[1.603s] -- Symlinking: /home/movax/adr_ws/install/adf_sil/share/adf_sil/environment/ament_prefix_path.dsv
[1.619s] -- Symlinking: /home/movax/adr_ws/install/adf_sil/share/adf_sil/environment/path.sh
[1.635s] -- Symlinking: /home/movax/adr_ws/install/adf_sil/share/adf_sil/environment/path.dsv
[1.651s] -- Symlinking: /home/movax/adr_ws/install/adf_sil/share/adf_sil/local_setup.bash
[1.667s] -- Symlinking: /home/movax/adr_ws/install/adf_sil/share/adf_sil/local_setup.sh
[1.683s] -- Symlinking: /home/movax/adr_ws/install/adf_sil/share/adf_sil/local_setup.zsh
[1.699s] -- Symlinking: /home/movax/adr_ws/install/adf_sil/share/adf_sil/local_setup.dsv
[1.715s] -- Symlinking: /home/movax/adr_ws/install/adf_sil/share/adf_sil/package.dsv
[1.731s] -- Symlinking: /home/movax/adr_ws/install/adf_sil/share/ament_index/resource_index/packages/adf_sil
[1.748s] -- Symlinking: /home/movax/adr_ws/install/adf_sil/share/adf_sil/cmake/adf_silConfig.cmake
[1.763s] -- Symlinking: /home/movax/adr_ws/install/adf_sil/share/adf_sil/cmake/adf_silConfig-version.cmake
[1.780s] -- Symlinking: /home/movax/adr_ws/install/adf_sil/share/adf_sil/package.xml
[1.799s] Invoked command in '/home/movax/adr_ws/build/adf_sil' returned '0': AMENT_PREFIX_PATH=/home/movax/adr_ws/install/path_fllwng:/home/movax/adr_ws/install/gate_dtctn:${AMENT_PREFIX_PATH} CMAKE_PREFIX_PATH=/home/movax/adr_ws/install/gate_dtctn:/home/movax/ros2_ws/install/my_cpp_pkg:/home/movax/ros2_ws/install/my_robot_interfaces:/home/movax/ros2_ws/install/my_robot_bringup:/home/movax/ros2_ws/install/gate_cv:/home/movax/ros2_ws/install/GateCV:/home/movax/drone_ws/install/mavros_extras:/home/movax/drone_ws/install/mavros:/home/movax/drone_ws/install/mavros_msgs:/home/movax/drone_ws/install/libmavconn:/home/movax/drone_ws/install/mavlink:/home/movax/drone_ws/install/bboxes_ex_msgs:/home/movax/gzb_ws/install/vision_opencv:/home/movax/gzb_ws/install/image_common:/home/movax/gzb_ws/install/gazebo_ros_pkgs:/home/movax/gzb_ws/install/gazebo_plugins:/home/movax/gzb_ws/install/image_transport:/home/movax/gzb_ws/install/image_geometry:/home/movax/gzb_ws/install/gazebo_ros:/home/movax/gzb_ws/install/gazebo_msgs:/home/movax/gzb_ws/install/gazebo_dev:/home/movax/gzb_ws/install/cv_bridge:/home/movax/gzb_ws/install/camera_info_manager:/home/movax/gzb_ws/install/camera_calibration_parsers:/home/movax/ros2_ws/install/pymav:/home/movax/ros2_ws/install/my_py_pkg:/home/movax/ros2_ws/install/cv_basics:/home/movax/gzb_ws/install/opencv_tests:/opt/ros/foxy PYTHONPATH=/home/movax/adr_ws/build/path_fllwng:/home/movax/adr_ws/install/path_fllwng/lib/python3.8/site-packages:${PYTHONPATH} /usr/bin/cmake --install /home/movax/adr_ws/build/adf_sil
