[35m[1mScanning dependencies of target gate_cv[0m
[ 50%] [32mBuilding CXX object CMakeFiles/gate_cv.dir/src/segmentation.cpp.o[0m
[100%] [32m[1mLinking CXX executable gate_cv[0m
[100%] Built target gate_cv
-- Install configuration: ""
-- Installing: /home/movax/adr_ws/install/gate_dtctn/lib/gate_dtctn/gate_cv
-- Set runtime path of "/home/movax/adr_ws/install/gate_dtctn/lib/gate_dtctn/gate_cv" to ""
-- Up-to-date: /home/movax/adr_ws/install/gate_dtctn/share/ament_index/resource_index/package_run_dependencies/gate_dtctn
-- Up-to-date: /home/movax/adr_ws/install/gate_dtctn/share/ament_index/resource_index/parent_prefix_path/gate_dtctn
-- Up-to-date: /home/movax/adr_ws/install/gate_dtctn/share/gate_dtctn/environment/ament_prefix_path.sh
-- Up-to-date: /home/movax/adr_ws/install/gate_dtctn/share/gate_dtctn/environment/ament_prefix_path.dsv
-- Up-to-date: /home/movax/adr_ws/install/gate_dtctn/share/gate_dtctn/environment/path.sh
-- Up-to-date: /home/movax/adr_ws/install/gate_dtctn/share/gate_dtctn/environment/path.dsv
-- Up-to-date: /home/movax/adr_ws/install/gate_dtctn/share/gate_dtctn/local_setup.bash
-- Up-to-date: /home/movax/adr_ws/install/gate_dtctn/share/gate_dtctn/local_setup.sh
-- Up-to-date: /home/movax/adr_ws/install/gate_dtctn/share/gate_dtctn/local_setup.zsh
-- Up-to-date: /home/movax/adr_ws/install/gate_dtctn/share/gate_dtctn/local_setup.dsv
-- Installing: /home/movax/adr_ws/install/gate_dtctn/share/gate_dtctn/package.dsv
-- Up-to-date: /home/movax/adr_ws/install/gate_dtctn/share/ament_index/resource_index/packages/gate_dtctn
-- Up-to-date: /home/movax/adr_ws/install/gate_dtctn/share/gate_dtctn/cmake/gate_dtctnConfig.cmake
-- Up-to-date: /home/movax/adr_ws/install/gate_dtctn/share/gate_dtctn/cmake/gate_dtctnConfig-version.cmake
-- Up-to-date: /home/movax/adr_ws/install/gate_dtctn/share/gate_dtctn/package.xml
