-- Found ament_cmake: 0.9.9 (/opt/ros/foxy/share/ament_cmake/cmake)
-- Using PYTHON_EXECUTABLE: /usr/bin/python3
-- Found rclcpp: 2.4.1 (/opt/ros/foxy/share/rclcpp/cmake)
-- Using all available rosidl_typesupport_c: rosidl_typesupport_fastrtps_c;rosidl_typesupport_introspection_c
-- Found rosidl_adapter: 1.2.1 (/opt/ros/foxy/share/rosidl_adapter/cmake)
-- Using all available rosidl_typesupport_cpp: rosidl_typesupport_fastrtps_cpp;rosidl_typesupport_introspection_cpp
-- Found rmw_implementation_cmake: 1.0.3 (/opt/ros/foxy/share/rmw_implementation_cmake/cmake)
-- Using RMW implementation 'rmw_fastrtps_cpp' as default
-- Found cv_bridge: 2.2.1 (/home/movax/gzb_ws/install/cv_bridge/share/cv_bridge/cmake)
-- Found OpenCV: /usr (found version "4.2.0") 
-- Configuring done
-- Generating done
-- Build files have been written to: /home/movax/adr_ws/build/gate_dtctn
[35m[1mScanning dependencies of target gate_cv[0m
[ 50%] [32mBuilding CXX object CMakeFiles/gate_cv.dir/src/segmentation.cpp.o[0m
[100%] [32m[1mLinking CXX executable gate_cv[0m
[100%] Built target gate_cv
-- Install configuration: ""
-- Installing: /home/movax/adr_ws/install/gate_dtctn/lib/gate_dtctn/gate_cv
-- Set runtime path of "/home/movax/adr_ws/install/gate_dtctn/lib/gate_dtctn/gate_cv" to ""
-- Installing: /home/movax/adr_ws/install/gate_dtctn/share/ament_index/resource_index/package_run_dependencies/gate_dtctn
-- Up-to-date: /home/movax/adr_ws/install/gate_dtctn/share/ament_index/resource_index/parent_prefix_path/gate_dtctn
-- Up-to-date: /home/movax/adr_ws/install/gate_dtctn/share/gate_dtctn/environment/ament_prefix_path.sh
-- Installing: /home/movax/adr_ws/install/gate_dtctn/share/gate_dtctn/environment/ament_prefix_path.dsv
-- Up-to-date: /home/movax/adr_ws/install/gate_dtctn/share/gate_dtctn/environment/path.sh
-- Installing: /home/movax/adr_ws/install/gate_dtctn/share/gate_dtctn/environment/path.dsv
-- Up-to-date: /home/movax/adr_ws/install/gate_dtctn/share/gate_dtctn/local_setup.bash
-- Up-to-date: /home/movax/adr_ws/install/gate_dtctn/share/gate_dtctn/local_setup.sh
-- Up-to-date: /home/movax/adr_ws/install/gate_dtctn/share/gate_dtctn/local_setup.zsh
-- Installing: /home/movax/adr_ws/install/gate_dtctn/share/gate_dtctn/local_setup.dsv
-- Installing: /home/movax/adr_ws/install/gate_dtctn/share/gate_dtctn/package.dsv
-- Up-to-date: /home/movax/adr_ws/install/gate_dtctn/share/ament_index/resource_index/packages/gate_dtctn
-- Up-to-date: /home/movax/adr_ws/install/gate_dtctn/share/gate_dtctn/cmake/gate_dtctnConfig.cmake
-- Up-to-date: /home/movax/adr_ws/install/gate_dtctn/share/gate_dtctn/cmake/gate_dtctnConfig-version.cmake
-- Installing: /home/movax/adr_ws/install/gate_dtctn/share/gate_dtctn/package.xml
