[0.041s] Invoking command in '/home/movax/adr_ws/build/gate_dtctn': CMAKE_PREFIX_PATH=${CMAKE_PREFIX_PATH}:/home/movax/ros2_ws/install/pymav:/home/movax/ros2_ws/install/my_py_pkg:/home/movax/ros2_ws/install/cv_basics:/home/movax/gzb_ws/install/opencv_tests:/opt/ros/foxy /usr/bin/cmake --build /home/movax/adr_ws/build/gate_dtctn -- -j4 -l4
[0.093s] -- Found ament_cmake: 0.9.9 (/opt/ros/foxy/share/ament_cmake/cmake)
[0.150s] -- Using PYTHON_EXECUTABLE: /usr/bin/python3
[0.511s] -- Found rclcpp: 2.4.1 (/opt/ros/foxy/share/rclcpp/cmake)
[0.573s] -- Using all available rosidl_typesupport_c: rosidl_typesupport_fastrtps_c;rosidl_typesupport_introspection_c
[0.578s] -- Found rosidl_adapter: 1.2.1 (/opt/ros/foxy/share/rosidl_adapter/cmake)
[0.846s] -- Using all available rosidl_typesupport_cpp: rosidl_typesupport_fastrtps_cpp;rosidl_typesupport_introspection_cpp
[0.928s] -- Found rmw_implementation_cmake: 1.0.3 (/opt/ros/foxy/share/rmw_implementation_cmake/cmake)
[0.932s] -- Using RMW implementation 'rmw_fastrtps_cpp' as default
[1.167s] -- Found cv_bridge: 2.2.1 (/home/movax/gzb_ws/install/cv_bridge/share/cv_bridge/cmake)
[1.427s] -- Found OpenCV: /usr (found version "4.2.0") 
[1.564s] -- Configuring done
[1.603s] -- Generating done
[1.606s] -- Build files have been written to: /home/movax/adr_ws/build/gate_dtctn
[1.657s] [35m[1mScanning dependencies of target gate_cv[0m
[1.747s] [ 50%] [32mBuilding CXX object CMakeFiles/gate_cv.dir/src/segmentation.cpp.o[0m
[9.471s] [100%] [32m[1mLinking CXX executable gate_cv[0m
[10.578s] [100%] Built target gate_cv
[10.623s] Invoked command in '/home/movax/adr_ws/build/gate_dtctn' returned '0': CMAKE_PREFIX_PATH=${CMAKE_PREFIX_PATH}:/home/movax/ros2_ws/install/pymav:/home/movax/ros2_ws/install/my_py_pkg:/home/movax/ros2_ws/install/cv_basics:/home/movax/gzb_ws/install/opencv_tests:/opt/ros/foxy /usr/bin/cmake --build /home/movax/adr_ws/build/gate_dtctn -- -j4 -l4
[10.688s] Invoking command in '/home/movax/adr_ws/build/gate_dtctn': CMAKE_PREFIX_PATH=${CMAKE_PREFIX_PATH}:/home/movax/ros2_ws/install/pymav:/home/movax/ros2_ws/install/my_py_pkg:/home/movax/ros2_ws/install/cv_basics:/home/movax/gzb_ws/install/opencv_tests:/opt/ros/foxy /usr/bin/cmake --install /home/movax/adr_ws/build/gate_dtctn
[10.703s] -- Install configuration: ""
[10.703s] -- Installing: /home/movax/adr_ws/install/gate_dtctn/lib/gate_dtctn/gate_cv
[10.706s] -- Set runtime path of "/home/movax/adr_ws/install/gate_dtctn/lib/gate_dtctn/gate_cv" to ""
[10.706s] -- Installing: /home/movax/adr_ws/install/gate_dtctn/share/ament_index/resource_index/package_run_dependencies/gate_dtctn
[10.706s] -- Up-to-date: /home/movax/adr_ws/install/gate_dtctn/share/ament_index/resource_index/parent_prefix_path/gate_dtctn
[10.706s] -- Up-to-date: /home/movax/adr_ws/install/gate_dtctn/share/gate_dtctn/environment/ament_prefix_path.sh
[10.706s] -- Installing: /home/movax/adr_ws/install/gate_dtctn/share/gate_dtctn/environment/ament_prefix_path.dsv
[10.707s] -- Up-to-date: /home/movax/adr_ws/install/gate_dtctn/share/gate_dtctn/environment/path.sh
[10.707s] -- Installing: /home/movax/adr_ws/install/gate_dtctn/share/gate_dtctn/environment/path.dsv
[10.707s] -- Up-to-date: /home/movax/adr_ws/install/gate_dtctn/share/gate_dtctn/local_setup.bash
[10.707s] -- Up-to-date: /home/movax/adr_ws/install/gate_dtctn/share/gate_dtctn/local_setup.sh
[10.707s] -- Up-to-date: /home/movax/adr_ws/install/gate_dtctn/share/gate_dtctn/local_setup.zsh
[10.707s] -- Installing: /home/movax/adr_ws/install/gate_dtctn/share/gate_dtctn/local_setup.dsv
[10.709s] -- Installing: /home/movax/adr_ws/install/gate_dtctn/share/gate_dtctn/package.dsv
[10.709s] -- Up-to-date: /home/movax/adr_ws/install/gate_dtctn/share/ament_index/resource_index/packages/gate_dtctn
[10.709s] -- Up-to-date: /home/movax/adr_ws/install/gate_dtctn/share/gate_dtctn/cmake/gate_dtctnConfig.cmake
[10.709s] -- Up-to-date: /home/movax/adr_ws/install/gate_dtctn/share/gate_dtctn/cmake/gate_dtctnConfig-version.cmake
[10.709s] -- Installing: /home/movax/adr_ws/install/gate_dtctn/share/gate_dtctn/package.xml
[10.714s] Invoked command in '/home/movax/adr_ws/build/gate_dtctn' returned '0': CMAKE_PREFIX_PATH=${CMAKE_PREFIX_PATH}:/home/movax/ros2_ws/install/pymav:/home/movax/ros2_ws/install/my_py_pkg:/home/movax/ros2_ws/install/cv_basics:/home/movax/gzb_ws/install/opencv_tests:/opt/ros/foxy /usr/bin/cmake --install /home/movax/adr_ws/build/gate_dtctn
